[Mon, 14 Nov 2022 23:00:47 GMT] Executing (default): DROP TABLE IF EXISTS `users`;
[Mon, 14 Nov 2022 23:00:47 GMT] Executing (default): DROP TABLE IF EXISTS `profesor_materia`;
[Mon, 14 Nov 2022 23:00:47 GMT] Executing (default): DROP TABLE IF EXISTS `profesores`;
[Mon, 14 Nov 2022 23:00:47 GMT] Executing (default): DROP TABLE IF EXISTS `materia`;
[Mon, 14 Nov 2022 23:00:47 GMT] Executing (default): DROP TABLE IF EXISTS `alumnos`;
[Mon, 14 Nov 2022 23:00:47 GMT] Executing (default): DROP TABLE IF EXISTS `carreras`;
[Mon, 14 Nov 2022 23:00:47 GMT] Executing (default): DROP TABLE IF EXISTS `carreras`;
[Mon, 14 Nov 2022 23:00:47 GMT] Executing (default): CREATE TABLE IF NOT EXISTS `carreras` (`id` INTEGER NOT NULL auto_increment , `nombre` VARCHAR(255), `createdAt` DATETIME NOT NULL, `updatedAt` DATETIME NOT NULL, PRIMARY KEY (`id`)) ENGINE=InnoDB;
[Mon, 14 Nov 2022 23:00:47 GMT] Executing (default): SHOW INDEX FROM `carreras` FROM `api_v1_test`
[Mon, 14 Nov 2022 23:00:47 GMT] Executing (default): DROP TABLE IF EXISTS `alumnos`;
[Mon, 14 Nov 2022 23:00:47 GMT] Executing (default): CREATE TABLE IF NOT EXISTS `alumnos` (`id` INTEGER NOT NULL auto_increment , `apellido` VARCHAR(255), `nombre` VARCHAR(255), `dni` INTEGER, `id_carrera` INTEGER, `createdAt` DATETIME NOT NULL, `updatedAt` DATETIME NOT NULL, PRIMARY KEY (`id`), FOREIGN KEY (`id_carrera`) REFERENCES `carreras` (`id`) ON DELETE NO ACTION ON UPDATE CASCADE) ENGINE=InnoDB;
[Mon, 14 Nov 2022 23:00:48 GMT] Executing (default): SHOW INDEX FROM `alumnos` FROM `api_v1_test`
[Mon, 14 Nov 2022 23:00:48 GMT] Executing (default): DROP TABLE IF EXISTS `materia`;
[Mon, 14 Nov 2022 23:00:48 GMT] Executing (default): CREATE TABLE IF NOT EXISTS `materia` (`id` INTEGER NOT NULL auto_increment , `nombre` VARCHAR(255), `id_carrera` INTEGER, `createdAt` DATETIME NOT NULL, `updatedAt` DATETIME NOT NULL, PRIMARY KEY (`id`), FOREIGN KEY (`id_carrera`) REFERENCES `carreras` (`id`) ON DELETE NO ACTION ON UPDATE CASCADE) ENGINE=InnoDB;
[Mon, 14 Nov 2022 23:00:48 GMT] Executing (default): SHOW INDEX FROM `materia` FROM `api_v1_test`
[Mon, 14 Nov 2022 23:00:48 GMT] Executing (default): DROP TABLE IF EXISTS `profesores`;
[Mon, 14 Nov 2022 23:00:48 GMT] Executing (default): CREATE TABLE IF NOT EXISTS `profesores` (`id` INTEGER NOT NULL auto_increment , `apellido` VARCHAR(255), `nombre` VARCHAR(255), `dni` INTEGER, `createdAt` DATETIME NOT NULL, `updatedAt` DATETIME NOT NULL, PRIMARY KEY (`id`)) ENGINE=InnoDB;
[Mon, 14 Nov 2022 23:00:48 GMT] Executing (default): SHOW INDEX FROM `profesores` FROM `api_v1_test`
[Mon, 14 Nov 2022 23:00:48 GMT] Executing (default): DROP TABLE IF EXISTS `profesor_materia`;
[Mon, 14 Nov 2022 23:00:48 GMT] Executing (default): CREATE TABLE IF NOT EXISTS `profesor_materia` (`id` INTEGER NOT NULL auto_increment , `id_profesor` INTEGER, `id_materia` INTEGER, `createdAt` DATETIME NOT NULL, `updatedAt` DATETIME NOT NULL, PRIMARY KEY (`id`), FOREIGN KEY (`id_profesor`) REFERENCES `profesores` (`id`) ON DELETE CASCADE ON UPDATE CASCADE, FOREIGN KEY (`id_materia`) REFERENCES `materia` (`id`) ON DELETE CASCADE ON UPDATE CASCADE) ENGINE=InnoDB;
[Mon, 14 Nov 2022 23:00:48 GMT] Executing (default): SHOW INDEX FROM `profesor_materia` FROM `api_v1_test`
[Mon, 14 Nov 2022 23:00:48 GMT] Executing (default): DROP TABLE IF EXISTS `users`;
[Mon, 14 Nov 2022 23:00:48 GMT] Executing (default): CREATE TABLE IF NOT EXISTS `users` (`id` INTEGER NOT NULL auto_increment , `username` VARCHAR(255), `password` VARCHAR(255), `createdAt` DATETIME NOT NULL, `updatedAt` DATETIME NOT NULL, PRIMARY KEY (`id`)) ENGINE=InnoDB;
[Mon, 14 Nov 2022 23:00:48 GMT] Executing (default): SHOW INDEX FROM `users` FROM `api_v1_test`
[Mon, 14 Nov 2022 23:00:48 GMT] Executing (default): SELECT `username`, `password` FROM `users` AS `user` WHERE `user`.`username` = 'unahur' LIMIT 1;
[Mon, 14 Nov 2022 23:00:48 GMT] Executing (default): INSERT INTO `users` (`id`,`username`,`password`,`createdAt`,`updatedAt`) VALUES (DEFAULT,?,?,?,?);
[Mon, 14 Nov 2022 23:00:48 GMT] Executing (default): SELECT `username`, `password` FROM `users` AS `user` WHERE `user`.`username` = 'unahur' LIMIT 1;
[Mon, 14 Nov 2022 23:00:49 GMT] Executing (default): SELECT `id`, `nombre` FROM `carreras` AS `carrera` WHERE `carrera`.`nombre` = 'Tecnicatura Universitaria en Informática' LIMIT 1;
[Mon, 14 Nov 2022 23:00:49 GMT] Executing (default): INSERT INTO `carreras` (`id`,`nombre`,`createdAt`,`updatedAt`) VALUES (DEFAULT,?,?,?);
[Mon, 14 Nov 2022 23:00:49 GMT] Executing (default): SELECT `id`, `nombre`, `id_carrera` FROM `materia` AS `materia` WHERE `materia`.`nombre` = 'Programación 1' LIMIT 1;
[Mon, 14 Nov 2022 23:00:49 GMT] Executing (default): INSERT INTO `materia` (`id`,`nombre`,`createdAt`,`updatedAt`) VALUES (DEFAULT,?,?,?);
[Mon, 14 Nov 2022 23:00:49 GMT] Executing (default): SELECT `id`, `apellido`, `nombre`, `dni`, `id_carrera` FROM `alumnos` AS `alumno` WHERE `alumno`.`dni` = 11222333 LIMIT 1;
[Mon, 14 Nov 2022 23:00:49 GMT] Executing (default): INSERT INTO `alumnos` (`id`,`apellido`,`nombre`,`dni`,`createdAt`,`updatedAt`) VALUES (DEFAULT,?,?,?,?,?);
[Mon, 14 Nov 2022 23:00:49 GMT] Executing (default): SELECT `id`, `apellido`, `nombre`, `dni` FROM `profesores` AS `profesor` WHERE `profesor`.`dni` = 14352333 LIMIT 1;
[Mon, 14 Nov 2022 23:00:49 GMT] Executing (default): INSERT INTO `profesores` (`id`,`apellido`,`nombre`,`dni`,`createdAt`,`updatedAt`) VALUES (DEFAULT,?,?,?,?,?);
[Mon, 14 Nov 2022 23:00:49 GMT] Executing (default): SELECT count(*) AS `count` FROM `carreras` AS `carrera`;
[Mon, 14 Nov 2022 23:00:49 GMT] Executing (default): SELECT `id`, `nombre` FROM `carreras` AS `carrera` ORDER BY `carrera`.`id` ASC LIMIT 0, 10;
[Mon, 14 Nov 2022 23:00:49 GMT] Executing (default): SELECT count(`materia`.`id`) AS `count` FROM `materia` AS `materia` LEFT OUTER JOIN `carreras` AS `Carrera-Relacionada` ON `materia`.`id_carrera` = `Carrera-Relacionada`.`id` LEFT OUTER JOIN `profesor_materia` AS `Profesor-Relacionado` ON `materia`.`id` = `Profesor-Relacionado`.`id_materia` LEFT OUTER JOIN `profesores` AS `Profesor-Relacionado->Profesor` ON `Profesor-Relacionado`.`id_profesor` = `Profesor-Relacionado->Profesor`.`id`;
[Mon, 14 Nov 2022 23:00:49 GMT] Executing (default): SELECT `materia`.*, `Carrera-Relacionada`.`id` AS `Carrera-Relacionada.id`, `Carrera-Relacionada`.`nombre` AS `Carrera-Relacionada.nombre`, `Profesor-Relacionado`.`id` AS `Profesor-Relacionado.id`, `Profesor-Relacionado`.`id_profesor` AS `Profesor-Relacionado.id_profesor`, `Profesor-Relacionado->Profesor`.`id` AS `Profesor-Relacionado.Profesor.id`, `Profesor-Relacionado->Profesor`.`apellido` AS `Profesor-Relacionado.Profesor.apellido`, `Profesor-Relacionado->Profesor`.`nombre` AS `Profesor-Relacionado.Profesor.nombre`, `Profesor-Relacionado->Profesor`.`dni` AS `Profesor-Relacionado.Profesor.dni` FROM (SELECT `materia`.`id`, `materia`.`nombre`, `materia`.`id_carrera` FROM `materia` AS `materia` ORDER BY `materia`.`id` ASC LIMIT 0, 10) AS `materia` LEFT OUTER JOIN `carreras` AS `Carrera-Relacionada` ON `materia`.`id_carrera` = `Carrera-Relacionada`.`id` LEFT OUTER JOIN `profesor_materia` AS `Profesor-Relacionado` ON `materia`.`id` = `Profesor-Relacionado`.`id_materia` LEFT OUTER JOIN `profesores` AS `Profesor-Relacionado->Profesor` ON `Profesor-Relacionado`.`id_profesor` = `Profesor-Relacionado->Profesor`.`id` ORDER BY `materia`.`id` ASC;
[Mon, 14 Nov 2022 23:00:49 GMT] Executing (default): SELECT count(`alumno`.`id`) AS `count` FROM `alumnos` AS `alumno` LEFT OUTER JOIN `carreras` AS `Carrera-Relacionada` ON `alumno`.`id_carrera` = `Carrera-Relacionada`.`id`;
[Mon, 14 Nov 2022 23:00:49 GMT] Executing (default): SELECT `alumno`.`id`, `alumno`.`apellido`, `alumno`.`nombre`, `alumno`.`dni`, `alumno`.`id_carrera`, `Carrera-Relacionada`.`id` AS `Carrera-Relacionada.id`, `Carrera-Relacionada`.`nombre` AS `Carrera-Relacionada.nombre` FROM `alumnos` AS `alumno` LEFT OUTER JOIN `carreras` AS `Carrera-Relacionada` ON `alumno`.`id_carrera` = `Carrera-Relacionada`.`id` ORDER BY `alumno`.`id` ASC LIMIT 0, 10;
[Mon, 14 Nov 2022 23:00:49 GMT] Executing (default): SELECT count(`profesor`.`id`) AS `count` FROM `profesores` AS `profesor` LEFT OUTER JOIN `profesor_materia` AS `Materia-Relacionada` ON `profesor`.`id` = `Materia-Relacionada`.`id_profesor` LEFT OUTER JOIN `materia` AS `Materia-Relacionada->Materia` ON `Materia-Relacionada`.`id_materia` = `Materia-Relacionada->Materia`.`id`;
[Mon, 14 Nov 2022 23:00:49 GMT] Executing (default): SELECT `profesor`.*, `Materia-Relacionada`.`id` AS `Materia-Relacionada.id`, `Materia-Relacionada`.`id_materia` AS `Materia-Relacionada.id_materia`, `Materia-Relacionada->Materia`.`id` AS `Materia-Relacionada.Materia.id`, `Materia-Relacionada->Materia`.`nombre` AS `Materia-Relacionada.Materia.nombre` FROM (SELECT `profesor`.`id`, `profesor`.`apellido`, `profesor`.`nombre`, `profesor`.`dni` FROM `profesores` AS `profesor` ORDER BY `profesor`.`id` ASC LIMIT 0, 10) AS `profesor` LEFT OUTER JOIN `profesor_materia` AS `Materia-Relacionada` ON `profesor`.`id` = `Materia-Relacionada`.`id_profesor` LEFT OUTER JOIN `materia` AS `Materia-Relacionada->Materia` ON `Materia-Relacionada`.`id_materia` = `Materia-Relacionada->Materia`.`id` ORDER BY `profesor`.`id` ASC;
[Mon, 14 Nov 2022 23:00:49 GMT] Executing (default): SELECT `id` FROM `profesor_materia` AS `profesor_materia` WHERE `profesor_materia`.`id_materia` = 1 AND `profesor_materia`.`id_profesor` = 1 LIMIT 1;
[Mon, 14 Nov 2022 23:00:49 GMT] Executing (default): INSERT INTO `profesor_materia` (`id`,`id_profesor`,`id_materia`,`createdAt`,`updatedAt`) VALUES (DEFAULT,?,?,?,?);
[Mon, 14 Nov 2022 23:00:49 GMT] Executing (default): SELECT `id`, `apellido`, `nombre`, `dni` FROM `profesores` AS `profesor` WHERE `profesor`.`dni` = 33987456 LIMIT 1;
[Mon, 14 Nov 2022 23:00:49 GMT] Executing (default): INSERT INTO `profesores` (`id`,`apellido`,`nombre`,`dni`,`createdAt`,`updatedAt`) VALUES (DEFAULT,?,?,?,?,?);
[Mon, 14 Nov 2022 23:00:49 GMT] Executing (default): SELECT `id`, `apellido`, `nombre`, `dni` FROM `profesores` AS `profesor` WHERE `profesor`.`dni` = 35947416 LIMIT 1;
[Mon, 14 Nov 2022 23:00:49 GMT] Executing (default): INSERT INTO `profesores` (`id`,`apellido`,`nombre`,`dni`,`createdAt`,`updatedAt`) VALUES (DEFAULT,?,?,?,?,?);
[Mon, 14 Nov 2022 23:00:49 GMT] Executing (default): SELECT `id`, `apellido`, `nombre`, `dni` FROM `profesores` AS `profesor` WHERE `profesor`.`dni` = 26974561 LIMIT 1;
[Mon, 14 Nov 2022 23:00:49 GMT] Executing (default): INSERT INTO `profesores` (`id`,`apellido`,`nombre`,`dni`,`createdAt`,`updatedAt`) VALUES (DEFAULT,?,?,?,?,?);
[Mon, 14 Nov 2022 23:00:49 GMT] Executing (default): SELECT `id`, `nombre`, `id_carrera` FROM `materia` AS `materia` WHERE `materia`.`nombre` = 'Matemática 1' LIMIT 1;
[Mon, 14 Nov 2022 23:00:49 GMT] Executing (default): INSERT INTO `materia` (`id`,`nombre`,`createdAt`,`updatedAt`) VALUES (DEFAULT,?,?,?);
[Mon, 14 Nov 2022 23:00:49 GMT] Executing (default): SELECT `id`, `nombre`, `id_carrera` FROM `materia` AS `materia` WHERE `materia`.`nombre` = 'Matematica 2' LIMIT 1;
[Mon, 14 Nov 2022 23:00:49 GMT] Executing (default): INSERT INTO `materia` (`id`,`nombre`,`createdAt`,`updatedAt`) VALUES (DEFAULT,?,?,?);
[Mon, 14 Nov 2022 23:00:49 GMT] Executing (default): SELECT `id`, `nombre`, `id_carrera` FROM `materia` AS `materia` WHERE `materia`.`nombre` = 'Introducción al diseño' LIMIT 1;
[Mon, 14 Nov 2022 23:00:49 GMT] Executing (default): INSERT INTO `materia` (`id`,`nombre`,`createdAt`,`updatedAt`) VALUES (DEFAULT,?,?,?);
[Mon, 14 Nov 2022 23:00:50 GMT] Executing (default): SELECT `id`, `nombre`, `id_carrera` FROM `materia` AS `materia` WHERE `materia`.`nombre` = 'Aleaciones 1' LIMIT 1;
[Mon, 14 Nov 2022 23:00:50 GMT] Executing (default): INSERT INTO `materia` (`id`,`nombre`,`createdAt`,`updatedAt`) VALUES (DEFAULT,?,?,?);
[Mon, 14 Nov 2022 23:00:50 GMT] Executing (default): SELECT `id` FROM `profesor_materia` AS `profesor_materia` WHERE `profesor_materia`.`id_materia` = 2 AND `profesor_materia`.`id_profesor` = 2 LIMIT 1;
[Mon, 14 Nov 2022 23:00:50 GMT] Executing (default): INSERT INTO `profesor_materia` (`id`,`id_profesor`,`id_materia`,`createdAt`,`updatedAt`) VALUES (DEFAULT,?,?,?,?);
[Mon, 14 Nov 2022 23:00:50 GMT] Executing (default): SELECT `id` FROM `profesor_materia` AS `profesor_materia` WHERE `profesor_materia`.`id_materia` = 3 AND `profesor_materia`.`id_profesor` = 3 LIMIT 1;
[Mon, 14 Nov 2022 23:00:50 GMT] Executing (default): INSERT INTO `profesor_materia` (`id`,`id_profesor`,`id_materia`,`createdAt`,`updatedAt`) VALUES (DEFAULT,?,?,?,?);
[Mon, 14 Nov 2022 23:00:50 GMT] Executing (default): SELECT `id` FROM `profesor_materia` AS `profesor_materia` WHERE `profesor_materia`.`id_materia` = 4 AND `profesor_materia`.`id_profesor` = 4 LIMIT 1;
[Mon, 14 Nov 2022 23:00:50 GMT] Executing (default): INSERT INTO `profesor_materia` (`id`,`id_profesor`,`id_materia`,`createdAt`,`updatedAt`) VALUES (DEFAULT,?,?,?,?);
[Mon, 14 Nov 2022 23:00:50 GMT] Executing (default): SELECT `id` FROM `profesor_materia` AS `profesor_materia` WHERE `profesor_materia`.`id_materia` = 4 AND `profesor_materia`.`id_profesor` = 5 LIMIT 1;
[Mon, 14 Nov 2022 23:00:50 GMT] Executing (default): INSERT INTO `profesor_materia` (`id`,`id_profesor`,`id_materia`,`createdAt`,`updatedAt`) VALUES (DEFAULT,?,?,?,?);
[Mon, 14 Nov 2022 23:00:50 GMT] Executing (default): SELECT count(`profesor_materia`.`id`) AS `count` FROM `profesor_materia` AS `profesor_materia` LEFT OUTER JOIN `profesores` AS `Profesor` ON `profesor_materia`.`id_profesor` = `Profesor`.`id` LEFT OUTER JOIN `materia` AS `Materia` ON `profesor_materia`.`id_materia` = `Materia`.`id`;
[Mon, 14 Nov 2022 23:00:50 GMT] Executing (default): SELECT `profesor_materia`.`id`, `Profesor`.`id` AS `Profesor.id`, `Profesor`.`apellido` AS `Profesor.apellido`, `Profesor`.`nombre` AS `Profesor.nombre`, `Materia`.`id` AS `Materia.id`, `Materia`.`nombre` AS `Materia.nombre` FROM `profesor_materia` AS `profesor_materia` LEFT OUTER JOIN `profesores` AS `Profesor` ON `profesor_materia`.`id_profesor` = `Profesor`.`id` LEFT OUTER JOIN `materia` AS `Materia` ON `profesor_materia`.`id_materia` = `Materia`.`id` ORDER BY `profesor_materia`.`id` ASC LIMIT 0, 10;
[Mon, 14 Nov 2022 23:00:50 GMT] Executing (default): SELECT `profesor_materia`.`id`, `Profesor`.`id` AS `Profesor.id`, `Profesor`.`apellido` AS `Profesor.apellido`, `Profesor`.`nombre` AS `Profesor.nombre`, `Materia`.`id` AS `Materia.id`, `Materia`.`nombre` AS `Materia.nombre` FROM `profesor_materia` AS `profesor_materia` LEFT OUTER JOIN `profesores` AS `Profesor` ON `profesor_materia`.`id_profesor` = `Profesor`.`id` LEFT OUTER JOIN `materia` AS `Materia` ON `profesor_materia`.`id_materia` = `Materia`.`id` WHERE `profesor_materia`.`id` = '1' ORDER BY `profesor_materia`.`id` ASC;
[Mon, 14 Nov 2022 23:00:50 GMT] Executing (default): UPDATE `profesor_materia` SET `id_profesor`=?,`id_materia`=?,`updatedAt`=? WHERE `id` = ?
[Mon, 14 Nov 2022 23:00:50 GMT] Executing (default): SELECT count(`profesor_materia`.`id`) AS `count` FROM `profesor_materia` AS `profesor_materia` LEFT OUTER JOIN `profesores` AS `Profesor` ON `profesor_materia`.`id_profesor` = `Profesor`.`id` LEFT OUTER JOIN `materia` AS `Materia` ON `profesor_materia`.`id_materia` = `Materia`.`id`;
[Mon, 14 Nov 2022 23:00:50 GMT] Executing (default): SELECT `profesor_materia`.`id`, `Profesor`.`id` AS `Profesor.id`, `Profesor`.`apellido` AS `Profesor.apellido`, `Profesor`.`nombre` AS `Profesor.nombre`, `Materia`.`id` AS `Materia.id`, `Materia`.`nombre` AS `Materia.nombre` FROM `profesor_materia` AS `profesor_materia` LEFT OUTER JOIN `profesores` AS `Profesor` ON `profesor_materia`.`id_profesor` = `Profesor`.`id` LEFT OUTER JOIN `materia` AS `Materia` ON `profesor_materia`.`id_materia` = `Materia`.`id` ORDER BY `profesor_materia`.`id` ASC LIMIT 0, 10;
[Mon, 14 Nov 2022 23:00:50 GMT] Executing (default): SELECT `id`, `nombre` FROM `carreras` AS `carrera` WHERE `carrera`.`id` = '1';
[Mon, 14 Nov 2022 23:00:50 GMT] Executing (default): UPDATE `carreras` SET `nombre`=?,`updatedAt`=? WHERE `id` = ?
[Mon, 14 Nov 2022 23:00:50 GMT] Executing (default): SELECT `id`, `nombre`, `id_carrera` FROM `materia` AS `materia` WHERE `materia`.`id` = '1';
[Mon, 14 Nov 2022 23:00:50 GMT] Executing (default): UPDATE `materia` SET `nombre`=?,`id_carrera`=?,`updatedAt`=? WHERE `id` = ?
[Mon, 14 Nov 2022 23:00:50 GMT] Executing (default): SELECT `id`, `apellido`, `nombre`, `dni`, `id_carrera` FROM `alumnos` AS `alumno` WHERE `alumno`.`id` = '1';
[Mon, 14 Nov 2022 23:00:50 GMT] Executing (default): UPDATE `alumnos` SET `nombre`=?,`apellido`=?,`dni`=?,`id_carrera`=?,`updatedAt`=? WHERE `id` = ?
[Mon, 14 Nov 2022 23:00:50 GMT] Executing (default): SELECT `profesor`.`id`, `Materia-Relacionada`.`id` AS `Materia-Relacionada.id`, `Materia-Relacionada`.`id_materia` AS `Materia-Relacionada.id_materia`, `Materia-Relacionada->Materia`.`id` AS `Materia-Relacionada.Materia.id`, `Materia-Relacionada->Materia`.`nombre` AS `Materia-Relacionada.Materia.nombre` FROM `profesores` AS `profesor` LEFT OUTER JOIN `profesor_materia` AS `Materia-Relacionada` ON `profesor`.`id` = `Materia-Relacionada`.`id_profesor` LEFT OUTER JOIN `materia` AS `Materia-Relacionada->Materia` ON `Materia-Relacionada`.`id_materia` = `Materia-Relacionada->Materia`.`id` WHERE `profesor`.`id` = '1';
[Mon, 14 Nov 2022 23:00:50 GMT] Executing (default): UPDATE `profesores` SET `nombre`=?,`apellido`=?,`dni`=?,`updatedAt`=? WHERE `id` = ?
[Mon, 14 Nov 2022 23:00:50 GMT] Executing (default): SELECT `profesor_materia`.`id`, `Profesor`.`id` AS `Profesor.id`, `Profesor`.`apellido` AS `Profesor.apellido`, `Profesor`.`nombre` AS `Profesor.nombre`, `Materia`.`id` AS `Materia.id`, `Materia`.`nombre` AS `Materia.nombre` FROM `profesor_materia` AS `profesor_materia` LEFT OUTER JOIN `profesores` AS `Profesor` ON `profesor_materia`.`id_profesor` = `Profesor`.`id` LEFT OUTER JOIN `materia` AS `Materia` ON `profesor_materia`.`id_materia` = `Materia`.`id` WHERE `profesor_materia`.`id` = '1' ORDER BY `profesor_materia`.`id` ASC;
[Mon, 14 Nov 2022 23:00:50 GMT] Executing (default): DELETE FROM `profesor_materia` WHERE `id` = 1
[Mon, 14 Nov 2022 23:00:50 GMT] Executing (default): SELECT `id`, `nombre` FROM `carreras` AS `carrera` WHERE `carrera`.`id` = '1';
[Mon, 14 Nov 2022 23:00:50 GMT] Executing (default): DELETE FROM `carreras` WHERE `id` = 1
[Mon, 14 Nov 2022 23:00:50 GMT] Executing (default): SELECT `id`, `nombre`, `id_carrera` FROM `materia` AS `materia` WHERE `materia`.`id` = '1';
[Mon, 14 Nov 2022 23:00:50 GMT] Executing (default): SELECT `id`, `id_profesor`, `id_materia`, `createdAt`, `updatedAt` FROM `profesor_materia` AS `profesor_materia` WHERE `profesor_materia`.`id_materia` = 1;
[Mon, 14 Nov 2022 23:00:50 GMT] Executing (default): DELETE FROM `materia` WHERE `id` = 1
[Mon, 14 Nov 2022 23:00:50 GMT] Executing (default): SELECT `id`, `apellido`, `nombre`, `dni`, `id_carrera` FROM `alumnos` AS `alumno` WHERE `alumno`.`id` = '1';
[Mon, 14 Nov 2022 23:00:50 GMT] Executing (default): DELETE FROM `alumnos` WHERE `id` = 1
[Mon, 14 Nov 2022 23:00:50 GMT] Executing (default): SELECT `profesor`.`id`, `Materia-Relacionada`.`id` AS `Materia-Relacionada.id`, `Materia-Relacionada`.`id_materia` AS `Materia-Relacionada.id_materia`, `Materia-Relacionada->Materia`.`id` AS `Materia-Relacionada.Materia.id`, `Materia-Relacionada->Materia`.`nombre` AS `Materia-Relacionada.Materia.nombre` FROM `profesores` AS `profesor` LEFT OUTER JOIN `profesor_materia` AS `Materia-Relacionada` ON `profesor`.`id` = `Materia-Relacionada`.`id_profesor` LEFT OUTER JOIN `materia` AS `Materia-Relacionada->Materia` ON `Materia-Relacionada`.`id_materia` = `Materia-Relacionada->Materia`.`id` WHERE `profesor`.`id` = '1';
[Mon, 14 Nov 2022 23:00:50 GMT] Executing (default): SELECT `id`, `id_profesor`, `id_materia`, `createdAt`, `updatedAt` FROM `profesor_materia` AS `profesor_materia` WHERE `profesor_materia`.`id_profesor` = 1;
[Mon, 14 Nov 2022 23:00:51 GMT] Executing (default): DELETE FROM `profesores` WHERE `id` = 1
