::1 - - [25/Oct/2022:14:35:53 +0000] "GET /mat HTTP/1.1" 304 -
::1 - - [25/Oct/2022:21:16:55 +0000] "GET /alu HTTP/1.1" 304 -
NotFoundError: Not Found
    at C:\Users\poriglia\ep2\api\app.js:45:8
    at Layer.handle [as handle_request] (C:\Users\poriglia\ep2\api\node_modules\express\lib\router\layer.js:95:5)
    at trim_prefix (C:\Users\poriglia\ep2\api\node_modules\express\lib\router\index.js:317:13)
    at C:\Users\poriglia\ep2\api\node_modules\express\lib\router\index.js:284:7
    at Function.process_params (C:\Users\poriglia\ep2\api\node_modules\express\lib\router\index.js:335:12)
    at next (C:\Users\poriglia\ep2\api\node_modules\express\lib\router\index.js:275:10)
    at SendStream.error (C:\Users\poriglia\ep2\api\node_modules\serve-static\index.js:121:7)
    at SendStream.emit (node:events:513:28)
    at SendStream.error (C:\Users\poriglia\ep2\api\node_modules\send\index.js:270:17)
    at SendStream.onStatError (C:\Users\poriglia\ep2\api\node_modules\send\index.js:421:12)
    at onstat (C:\Users\poriglia\ep2\api\node_modules\send\index.js:727:26)
    at FSReqCallback.oncomplete (node:fs:206:21)::1 - - [25/Oct/2022:21:16:55 +0000] "GET /favicon.ico HTTP/1.1" 404 1156
NotFoundError: Not Found
    at C:\Users\poriglia\ep2\api\app.js:45:8
    at Layer.handle [as handle_request] (C:\Users\poriglia\ep2\api\node_modules\express\lib\router\layer.js:95:5)
    at trim_prefix (C:\Users\poriglia\ep2\api\node_modules\express\lib\router\index.js:317:13)
    at C:\Users\poriglia\ep2\api\node_modules\express\lib\router\index.js:284:7
    at Function.process_params (C:\Users\poriglia\ep2\api\node_modules\express\lib\router\index.js:335:12)
    at next (C:\Users\poriglia\ep2\api\node_modules\express\lib\router\index.js:275:10)
    at C:\Users\poriglia\ep2\api\node_modules\express\lib\router\index.js:635:15
    at next (C:\Users\poriglia\ep2\api\node_modules\express\lib\router\index.js:260:14)
    at Function.handle (C:\Users\poriglia\ep2\api\node_modules\express\lib\router\index.js:174:3)
    at router (C:\Users\poriglia\ep2\api\node_modules\express\lib\router\index.js:47:12)
    at Layer.handle [as handle_request] (C:\Users\poriglia\ep2\api\node_modules\express\lib\router\layer.js:95:5)
    at trim_prefix (C:\Users\poriglia\ep2\api\node_modules\express\lib\router\index.js:317:13)
    at C:\Users\poriglia\ep2\api\node_modules\express\lib\router\index.js:284:7
    at Function.process_params (C:\Users\poriglia\ep2\api\node_modules\express\lib\router\index.js:335:12)
    at next (C:\Users\poriglia\ep2\api\node_modules\express\lib\router\index.js:275:10)
    at SendStream.error (C:\Users\poriglia\ep2\api\node_modules\serve-static\index.js:121:7)
    at SendStream.emit (node:events:513:28)
    at SendStream.error (C:\Users\poriglia\ep2\api\node_modules\send\index.js:270:17)
    at SendStream.onStatError (C:\Users\poriglia\ep2\api\node_modules\send\index.js:421:12)
    at next (C:\Users\poriglia\ep2\api\node_modules\send\index.js:736:16)
    at onstat (C:\Users\poriglia\ep2\api\node_modules\send\index.js:725:14)
    at FSReqCallback.oncomplete (node:fs:206:21)::1 - - [25/Oct/2022:21:16:59 +0000] "GET /user HTTP/1.1" 404 2070
::1 - - [25/Oct/2022:21:16:59 +0000] "GET /stylesheets/style.css HTTP/1.1" 304 -
::1 - - [25/Oct/2022:21:17:06 +0000] "GET /user/1 HTTP/1.1" 500 21
::1 - - [25/Oct/2022:21:17:19 +0000] "GET /user/Pablo HTTP/1.1" 500 21
::1 - - [25/Oct/2022:21:18:17 +0000] "GET /user/Pablo HTTP/1.1" 404 9
::1 - - [25/Oct/2022:21:18:37 +0000] "GET /user/poriglia HTTP/1.1" 200 97
::ffff:127.0.0.1 - - [25/Oct/2022:21:30:56 +0000] "POST /user HTTP/1.1" 201 100
::ffff:127.0.0.1 - - [25/Oct/2022:21:31:06 +0000] "POST /user HTTP/1.1" 409 8
::ffff:127.0.0.1 - - [25/Oct/2022:21:31:20 +0000] "POST /user HTTP/1.1" 409 8
::ffff:127.0.0.1 - - [25/Oct/2022:21:31:27 +0000] "POST /user HTTP/1.1" 409 8
::ffff:127.0.0.1 - - [25/Oct/2022:21:31:32 +0000] "POST /user HTTP/1.1" 409 8
::ffff:127.0.0.1 - - [25/Oct/2022:21:32:25 +0000] "POST /user HTTP/1.1" 500 8
::ffff:127.0.0.1 - - [25/Oct/2022:21:33:20 +0000] "POST /user HTTP/1.1" 500 8
::ffff:127.0.0.1 - - [25/Oct/2022:21:33:52 +0000] "POST /user HTTP/1.1" 409 8
::ffff:127.0.0.1 - - [25/Oct/2022:21:34:43 +0000] "POST /user HTTP/1.1" 500 8
::ffff:127.0.0.1 - - [25/Oct/2022:21:35:50 +0000] "POST /user HTTP/1.1" 500 49
::ffff:127.0.0.1 - - [25/Oct/2022:21:36:26 +0000] "POST /user HTTP/1.1" 409 8
::ffff:127.0.0.1 - - [25/Oct/2022:21:37:36 +0000] "POST /user HTTP/1.1" 409 8
::ffff:127.0.0.1 - - [25/Oct/2022:21:42:17 +0000] "POST /user HTTP/1.1" 500 21
::ffff:127.0.0.1 - - [25/Oct/2022:21:43:16 +0000] "POST /user HTTP/1.1" 500 21
::ffff:127.0.0.1 - - [25/Oct/2022:21:45:06 +0000] "POST /user HTTP/1.1" 500 21
::ffff:127.0.0.1 - - [25/Oct/2022:21:46:04 +0000] "POST /user HTTP/1.1" 500 21
::ffff:127.0.0.1 - - [25/Oct/2022:21:46:45 +0000] "POST /user HTTP/1.1" 409 8
::ffff:127.0.0.1 - - [25/Oct/2022:21:49:48 +0000] "POST /user HTTP/1.1" 409 49
::ffff:127.0.0.1 - - [25/Oct/2022:21:51:18 +0000] "POST /user HTTP/1.1" 409 49
::ffff:127.0.0.1 - - [25/Oct/2022:21:53:38 +0000] "POST /user HTTP/1.1" 201 103
::ffff:127.0.0.1 - - [25/Oct/2022:21:53:42 +0000] "POST /user HTTP/1.1" 409 49
NotFoundError: Not Found
    at C:\Users\poriglia\ep2\api\app.js:45:8
    at Layer.handle [as handle_request] (C:\Users\poriglia\ep2\api\node_modules\express\lib\router\layer.js:95:5)
    at trim_prefix (C:\Users\poriglia\ep2\api\node_modules\express\lib\router\index.js:317:13)
    at C:\Users\poriglia\ep2\api\node_modules\express\lib\router\index.js:284:7
    at Function.process_params (C:\Users\poriglia\ep2\api\node_modules\express\lib\router\index.js:335:12)
    at next (C:\Users\poriglia\ep2\api\node_modules\express\lib\router\index.js:275:10)
    at C:\Users\poriglia\ep2\api\node_modules\express\lib\router\index.js:635:15
    at next (C:\Users\poriglia\ep2\api\node_modules\express\lib\router\index.js:260:14)
    at Function.handle (C:\Users\poriglia\ep2\api\node_modules\express\lib\router\index.js:174:3)
    at router (C:\Users\poriglia\ep2\api\node_modules\express\lib\router\index.js:47:12)
    at Layer.handle [as handle_request] (C:\Users\poriglia\ep2\api\node_modules\express\lib\router\layer.js:95:5)
    at trim_prefix (C:\Users\poriglia\ep2\api\node_modules\express\lib\router\index.js:317:13)
    at C:\Users\poriglia\ep2\api\node_modules\express\lib\router\index.js:284:7
    at Function.process_params (C:\Users\poriglia\ep2\api\node_modules\express\lib\router\index.js:335:12)
    at next (C:\Users\poriglia\ep2\api\node_modules\express\lib\router\index.js:275:10)
    at SendStream.error (C:\Users\poriglia\ep2\api\node_modules\serve-static\index.js:121:7)
    at SendStream.emit (node:events:513:28)
    at SendStream.error (C:\Users\poriglia\ep2\api\node_modules\send\index.js:270:17)
    at SendStream.onStatError (C:\Users\poriglia\ep2\api\node_modules\send\index.js:421:12)
    at next (C:\Users\poriglia\ep2\api\node_modules\send\index.js:736:16)
    at onstat (C:\Users\poriglia\ep2\api\node_modules\send\index.js:725:14)
    at FSReqCallback.oncomplete (node:fs:206:21)::1 - - [26/Oct/2022:00:14:43 +0000] "GET /user/ncaroli HTTP/1.1" 404 2070
::1 - - [26/Oct/2022:00:14:43 +0000] "GET /stylesheets/style.css HTTP/1.1" 304 -
NotFoundError: Not Found
    at C:\Users\poriglia\ep2\api\app.js:45:8
    at Layer.handle [as handle_request] (C:\Users\poriglia\ep2\api\node_modules\express\lib\router\layer.js:95:5)
    at trim_prefix (C:\Users\poriglia\ep2\api\node_modules\express\lib\router\index.js:317:13)
    at C:\Users\poriglia\ep2\api\node_modules\express\lib\router\index.js:284:7
    at Function.process_params (C:\Users\poriglia\ep2\api\node_modules\express\lib\router\index.js:335:12)
    at next (C:\Users\poriglia\ep2\api\node_modules\express\lib\router\index.js:275:10)
    at C:\Users\poriglia\ep2\api\node_modules\express\lib\router\index.js:635:15
    at next (C:\Users\poriglia\ep2\api\node_modules\express\lib\router\index.js:260:14)
    at Function.handle (C:\Users\poriglia\ep2\api\node_modules\express\lib\router\index.js:174:3)
    at router (C:\Users\poriglia\ep2\api\node_modules\express\lib\router\index.js:47:12)
    at Layer.handle [as handle_request] (C:\Users\poriglia\ep2\api\node_modules\express\lib\router\layer.js:95:5)
    at trim_prefix (C:\Users\poriglia\ep2\api\node_modules\express\lib\router\index.js:317:13)
    at C:\Users\poriglia\ep2\api\node_modules\express\lib\router\index.js:284:7
    at Function.process_params (C:\Users\poriglia\ep2\api\node_modules\express\lib\router\index.js:335:12)
    at next (C:\Users\poriglia\ep2\api\node_modules\express\lib\router\index.js:275:10)
    at SendStream.error (C:\Users\poriglia\ep2\api\node_modules\serve-static\index.js:121:7)
    at SendStream.emit (node:events:513:28)
    at SendStream.error (C:\Users\poriglia\ep2\api\node_modules\send\index.js:270:17)
    at SendStream.onStatError (C:\Users\poriglia\ep2\api\node_modules\send\index.js:421:12)
    at next (C:\Users\poriglia\ep2\api\node_modules\send\index.js:736:16)
    at onstat (C:\Users\poriglia\ep2\api\node_modules\send\index.js:725:14)
    at FSReqCallback.oncomplete (node:fs:206:21)::1 - - [26/Oct/2022:00:14:51 +0000] "GET /user/ncaroli HTTP/1.1" 404 2070
::1 - - [26/Oct/2022:00:14:51 +0000] "GET /stylesheets/style.css HTTP/1.1" 304 -
::ffff:127.0.0.1 - - [26/Oct/2022:00:15:05 +0000] "POST /user HTTP/1.1" 409 49
NotFoundError: Not Found
    at C:\Users\poriglia\ep2\api\app.js:45:8
    at Layer.handle [as handle_request] (C:\Users\poriglia\ep2\api\node_modules\express\lib\router\layer.js:95:5)
    at trim_prefix (C:\Users\poriglia\ep2\api\node_modules\express\lib\router\index.js:317:13)
    at C:\Users\poriglia\ep2\api\node_modules\express\lib\router\index.js:284:7
    at Function.process_params (C:\Users\poriglia\ep2\api\node_modules\express\lib\router\index.js:335:12)
    at next (C:\Users\poriglia\ep2\api\node_modules\express\lib\router\index.js:275:10)
    at C:\Users\poriglia\ep2\api\node_modules\express\lib\router\index.js:635:15
    at next (C:\Users\poriglia\ep2\api\node_modules\express\lib\router\index.js:260:14)
    at Function.handle (C:\Users\poriglia\ep2\api\node_modules\express\lib\router\index.js:174:3)
    at router (C:\Users\poriglia\ep2\api\node_modules\express\lib\router\index.js:47:12)
    at Layer.handle [as handle_request] (C:\Users\poriglia\ep2\api\node_modules\express\lib\router\layer.js:95:5)
    at trim_prefix (C:\Users\poriglia\ep2\api\node_modules\express\lib\router\index.js:317:13)
    at C:\Users\poriglia\ep2\api\node_modules\express\lib\router\index.js:284:7
    at Function.process_params (C:\Users\poriglia\ep2\api\node_modules\express\lib\router\index.js:335:12)
    at next (C:\Users\poriglia\ep2\api\node_modules\express\lib\router\index.js:275:10)
    at SendStream.error (C:\Users\poriglia\ep2\api\node_modules\serve-static\index.js:121:7)
    at SendStream.emit (node:events:513:28)
    at SendStream.error (C:\Users\poriglia\ep2\api\node_modules\send\index.js:270:17)
    at SendStream.onStatError (C:\Users\poriglia\ep2\api\node_modules\send\index.js:421:12)
    at next (C:\Users\poriglia\ep2\api\node_modules\send\index.js:736:16)
    at onstat (C:\Users\poriglia\ep2\api\node_modules\send\index.js:725:14)
    at FSReqCallback.oncomplete (node:fs:206:21)::1 - - [26/Oct/2022:00:15:13 +0000] "GET /user/ncaroli HTTP/1.1" 404 2070
::1 - - [26/Oct/2022:00:15:13 +0000] "GET /stylesheets/style.css HTTP/1.1" 304 -
NotFoundError: Not Found
    at C:\Users\poriglia\ep2\api\app.js:45:8
    at Layer.handle [as handle_request] (C:\Users\poriglia\ep2\api\node_modules\express\lib\router\layer.js:95:5)
    at trim_prefix (C:\Users\poriglia\ep2\api\node_modules\express\lib\router\index.js:317:13)
    at C:\Users\poriglia\ep2\api\node_modules\express\lib\router\index.js:284:7
    at Function.process_params (C:\Users\poriglia\ep2\api\node_modules\express\lib\router\index.js:335:12)
    at next (C:\Users\poriglia\ep2\api\node_modules\express\lib\router\index.js:275:10)
    at C:\Users\poriglia\ep2\api\node_modules\express\lib\router\index.js:635:15
    at next (C:\Users\poriglia\ep2\api\node_modules\express\lib\router\index.js:260:14)
    at Function.handle (C:\Users\poriglia\ep2\api\node_modules\express\lib\router\index.js:174:3)
    at router (C:\Users\poriglia\ep2\api\node_modules\express\lib\router\index.js:47:12)
    at Layer.handle [as handle_request] (C:\Users\poriglia\ep2\api\node_modules\express\lib\router\layer.js:95:5)
    at trim_prefix (C:\Users\poriglia\ep2\api\node_modules\express\lib\router\index.js:317:13)
    at C:\Users\poriglia\ep2\api\node_modules\express\lib\router\index.js:284:7
    at Function.process_params (C:\Users\poriglia\ep2\api\node_modules\express\lib\router\index.js:335:12)
    at next (C:\Users\poriglia\ep2\api\node_modules\express\lib\router\index.js:275:10)
    at SendStream.error (C:\Users\poriglia\ep2\api\node_modules\serve-static\index.js:121:7)
    at SendStream.emit (node:events:513:28)
    at SendStream.error (C:\Users\poriglia\ep2\api\node_modules\send\index.js:270:17)
    at SendStream.onStatError (C:\Users\poriglia\ep2\api\node_modules\send\index.js:421:12)
    at next (C:\Users\poriglia\ep2\api\node_modules\send\index.js:736:16)
    at onstat (C:\Users\poriglia\ep2\api\node_modules\send\index.js:725:14)
    at FSReqCallback.oncomplete (node:fs:206:21)::1 - - [26/Oct/2022:00:15:15 +0000] "GET /user/ncaroli HTTP/1.1" 404 2070
::1 - - [26/Oct/2022:00:15:15 +0000] "GET /stylesheets/style.css HTTP/1.1" 304 -
NotFoundError: Not Found
    at C:\Users\poriglia\ep2\api\app.js:45:8
    at Layer.handle [as handle_request] (C:\Users\poriglia\ep2\api\node_modules\express\lib\router\layer.js:95:5)
    at trim_prefix (C:\Users\poriglia\ep2\api\node_modules\express\lib\router\index.js:317:13)
    at C:\Users\poriglia\ep2\api\node_modules\express\lib\router\index.js:284:7
    at Function.process_params (C:\Users\poriglia\ep2\api\node_modules\express\lib\router\index.js:335:12)
    at next (C:\Users\poriglia\ep2\api\node_modules\express\lib\router\index.js:275:10)
    at C:\Users\poriglia\ep2\api\node_modules\express\lib\router\index.js:635:15
    at next (C:\Users\poriglia\ep2\api\node_modules\express\lib\router\index.js:260:14)
    at Function.handle (C:\Users\poriglia\ep2\api\node_modules\express\lib\router\index.js:174:3)
    at router (C:\Users\poriglia\ep2\api\node_modules\express\lib\router\index.js:47:12)
    at Layer.handle [as handle_request] (C:\Users\poriglia\ep2\api\node_modules\express\lib\router\layer.js:95:5)
    at trim_prefix (C:\Users\poriglia\ep2\api\node_modules\express\lib\router\index.js:317:13)
    at C:\Users\poriglia\ep2\api\node_modules\express\lib\router\index.js:284:7
    at Function.process_params (C:\Users\poriglia\ep2\api\node_modules\express\lib\router\index.js:335:12)
    at next (C:\Users\poriglia\ep2\api\node_modules\express\lib\router\index.js:275:10)
    at SendStream.error (C:\Users\poriglia\ep2\api\node_modules\serve-static\index.js:121:7)
    at SendStream.emit (node:events:513:28)
    at SendStream.error (C:\Users\poriglia\ep2\api\node_modules\send\index.js:270:17)
    at SendStream.onStatError (C:\Users\poriglia\ep2\api\node_modules\send\index.js:421:12)
    at next (C:\Users\poriglia\ep2\api\node_modules\send\index.js:736:16)
    at onstat (C:\Users\poriglia\ep2\api\node_modules\send\index.js:725:14)
    at FSReqCallback.oncomplete (node:fs:206:21)::1 - - [26/Oct/2022:00:15:51 +0000] "GET /user/poriglia HTTP/1.1" 404 2070
::1 - - [26/Oct/2022:00:15:51 +0000] "GET /stylesheets/style.css HTTP/1.1" 304 -
NotFoundError: Not Found
    at C:\Users\poriglia\ep2\api\app.js:45:8
    at Layer.handle [as handle_request] (C:\Users\poriglia\ep2\api\node_modules\express\lib\router\layer.js:95:5)
    at trim_prefix (C:\Users\poriglia\ep2\api\node_modules\express\lib\router\index.js:317:13)
    at C:\Users\poriglia\ep2\api\node_modules\express\lib\router\index.js:284:7
    at Function.process_params (C:\Users\poriglia\ep2\api\node_modules\express\lib\router\index.js:335:12)
    at next (C:\Users\poriglia\ep2\api\node_modules\express\lib\router\index.js:275:10)
    at C:\Users\poriglia\ep2\api\node_modules\express\lib\router\index.js:635:15
    at next (C:\Users\poriglia\ep2\api\node_modules\express\lib\router\index.js:260:14)
    at Function.handle (C:\Users\poriglia\ep2\api\node_modules\express\lib\router\index.js:174:3)
    at router (C:\Users\poriglia\ep2\api\node_modules\express\lib\router\index.js:47:12)
    at Layer.handle [as handle_request] (C:\Users\poriglia\ep2\api\node_modules\express\lib\router\layer.js:95:5)
    at trim_prefix (C:\Users\poriglia\ep2\api\node_modules\express\lib\router\index.js:317:13)
    at C:\Users\poriglia\ep2\api\node_modules\express\lib\router\index.js:284:7
    at Function.process_params (C:\Users\poriglia\ep2\api\node_modules\express\lib\router\index.js:335:12)
    at next (C:\Users\poriglia\ep2\api\node_modules\express\lib\router\index.js:275:10)
    at SendStream.error (C:\Users\poriglia\ep2\api\node_modules\serve-static\index.js:121:7)
    at SendStream.emit (node:events:513:28)
    at SendStream.error (C:\Users\poriglia\ep2\api\node_modules\send\index.js:270:17)
    at SendStream.onStatError (C:\Users\poriglia\ep2\api\node_modules\send\index.js:421:12)
    at next (C:\Users\poriglia\ep2\api\node_modules\send\index.js:736:16)
    at onstat (C:\Users\poriglia\ep2\api\node_modules\send\index.js:725:14)
    at FSReqCallback.oncomplete (node:fs:206:21)::1 - - [26/Oct/2022:00:16:20 +0000] "GET /user/poriglia HTTP/1.1" 404 2070
::1 - - [26/Oct/2022:00:16:20 +0000] "GET /stylesheets/style.css HTTP/1.1" 304 -
NotFoundError: Not Found
    at C:\Users\poriglia\ep2\api\app.js:45:8
    at Layer.handle [as handle_request] (C:\Users\poriglia\ep2\api\node_modules\express\lib\router\layer.js:95:5)
    at trim_prefix (C:\Users\poriglia\ep2\api\node_modules\express\lib\router\index.js:317:13)
    at C:\Users\poriglia\ep2\api\node_modules\express\lib\router\index.js:284:7
    at Function.process_params (C:\Users\poriglia\ep2\api\node_modules\express\lib\router\index.js:335:12)
    at next (C:\Users\poriglia\ep2\api\node_modules\express\lib\router\index.js:275:10)
    at C:\Users\poriglia\ep2\api\node_modules\express\lib\router\index.js:635:15
    at next (C:\Users\poriglia\ep2\api\node_modules\express\lib\router\index.js:260:14)
    at Function.handle (C:\Users\poriglia\ep2\api\node_modules\express\lib\router\index.js:174:3)
    at router (C:\Users\poriglia\ep2\api\node_modules\express\lib\router\index.js:47:12)
    at Layer.handle [as handle_request] (C:\Users\poriglia\ep2\api\node_modules\express\lib\router\layer.js:95:5)
    at trim_prefix (C:\Users\poriglia\ep2\api\node_modules\express\lib\router\index.js:317:13)
    at C:\Users\poriglia\ep2\api\node_modules\express\lib\router\index.js:284:7
    at Function.process_params (C:\Users\poriglia\ep2\api\node_modules\express\lib\router\index.js:335:12)
    at next (C:\Users\poriglia\ep2\api\node_modules\express\lib\router\index.js:275:10)
    at SendStream.error (C:\Users\poriglia\ep2\api\node_modules\serve-static\index.js:121:7)
    at SendStream.emit (node:events:513:28)
    at SendStream.error (C:\Users\poriglia\ep2\api\node_modules\send\index.js:270:17)
    at SendStream.onStatError (C:\Users\poriglia\ep2\api\node_modules\send\index.js:421:12)
    at next (C:\Users\poriglia\ep2\api\node_modules\send\index.js:736:16)
    at onstat (C:\Users\poriglia\ep2\api\node_modules\send\index.js:725:14)
    at FSReqCallback.oncomplete (node:fs:206:21)::1 - - [26/Oct/2022:00:16:23 +0000] "GET /user/poriglia HTTP/1.1" 404 2070
::1 - - [26/Oct/2022:00:16:23 +0000] "GET /stylesheets/style.css HTTP/1.1" 304 -
::1 - - [26/Oct/2022:00:17:23 +0000] "GET /user/poriglia HTTP/1.1" 200 97
::1 - - [26/Oct/2022:00:17:29 +0000] "GET /user/ncaroli HTTP/1.1" 200 96
::1 - - [30/Oct/2022:19:18:31 +0000] "GET /mat HTTP/1.1" 200 2
NotFoundError: Not Found
    at C:\Users\poriglia\ep2\api\app.js:45:8
    at Layer.handle [as handle_request] (C:\Users\poriglia\ep2\api\node_modules\express\lib\router\layer.js:95:5)
    at trim_prefix (C:\Users\poriglia\ep2\api\node_modules\express\lib\router\index.js:317:13)
    at C:\Users\poriglia\ep2\api\node_modules\express\lib\router\index.js:284:7
    at Function.process_params (C:\Users\poriglia\ep2\api\node_modules\express\lib\router\index.js:335:12)
    at next (C:\Users\poriglia\ep2\api\node_modules\express\lib\router\index.js:275:10)
    at SendStream.error (C:\Users\poriglia\ep2\api\node_modules\serve-static\index.js:121:7)
    at SendStream.emit (node:events:513:28)
    at SendStream.error (C:\Users\poriglia\ep2\api\node_modules\send\index.js:270:17)
    at SendStream.onStatError (C:\Users\poriglia\ep2\api\node_modules\send\index.js:421:12)
    at onstat (C:\Users\poriglia\ep2\api\node_modules\send\index.js:727:26)
    at FSReqCallback.oncomplete (node:fs:206:21)::1 - - [30/Oct/2022:19:18:31 +0000] "GET /favicon.ico HTTP/1.1" 404 1156
::1 - - [30/Oct/2022:19:18:42 +0000] "GET /alu HTTP/1.1" 200 21
::1 - - [30/Oct/2022:19:18:51 +0000] "GET /car HTTP/1.1" 200 2
::1 - - [30/Oct/2022:19:26:45 +0000] "GET /car HTTP/1.1" 304 -
::1 - - [30/Oct/2022:19:26:58 +0000] "GET /mat HTTP/1.1" 304 -
::1 - - [30/Oct/2022:19:27:05 +0000] "GET /prof HTTP/1.1" 200 2
::1 - - [30/Oct/2022:19:27:15 +0000] "GET /alu HTTP/1.1" 304 -
::1 - - [30/Oct/2022:19:27:55 +0000] "GET /mat HTTP/1.1" 304 -
::1 - - [30/Oct/2022:19:28:01 +0000] "GET /mat HTTP/1.1" 304 -
::1 - - [30/Oct/2022:19:28:10 +0000] "GET /alu HTTP/1.1" 304 -
::1 - - [30/Oct/2022:19:28:18 +0000] "GET /car HTTP/1.1" 304 -
::ffff:127.0.0.1 - - [30/Oct/2022:19:29:14 +0000] "POST /car HTTP/1.1" 201 8
::1 - - [30/Oct/2022:19:29:25 +0000] "GET /car HTTP/1.1" 200 25
::ffff:127.0.0.1 - - [30/Oct/2022:19:44:26 +0000] "POST /login HTTP/1.1" 404 20
::ffff:127.0.0.1 - - [30/Oct/2022:23:56:36 +0000] "POST /user HTTP/1.1" 409 49
::ffff:127.0.0.1 - - [30/Oct/2022:23:57:08 +0000] "POST /user/login HTTP/1.1" 200 340
::1 - - [30/Oct/2022:23:59:32 +0000] "GET /alu HTTP/1.1" 304 -
::1 - - [30/Oct/2022:23:59:36 +0000] "GET /mat HTTP/1.1" 304 -
::1 - - [30/Oct/2022:23:59:41 +0000] "GET /car HTTP/1.1" 304 -
TypeError: Cannot read properties of undefined (reading 'split')
    at validateToken (C:\Users\poriglia\ep2\api\utils\token.utils.js:25:28)
    at Layer.handle [as handle_request] (C:\Users\poriglia\ep2\api\node_modules\express\lib\router\layer.js:95:5)
    at trim_prefix (C:\Users\poriglia\ep2\api\node_modules\express\lib\router\index.js:317:13)
    at C:\Users\poriglia\ep2\api\node_modules\express\lib\router\index.js:284:7
    at Function.process_params (C:\Users\poriglia\ep2\api\node_modules\express\lib\router\index.js:335:12)
    at next (C:\Users\poriglia\ep2\api\node_modules\express\lib\router\index.js:275:10)
    at SendStream.error (C:\Users\poriglia\ep2\api\node_modules\serve-static\index.js:121:7)
    at SendStream.emit (node:events:513:28)
    at SendStream.error (C:\Users\poriglia\ep2\api\node_modules\send\index.js:270:17)
    at SendStream.onStatError (C:\Users\poriglia\ep2\api\node_modules\send\index.js:421:12)
    at next (C:\Users\poriglia\ep2\api\node_modules\send\index.js:736:16)
    at onstat (C:\Users\poriglia\ep2\api\node_modules\send\index.js:725:14)
    at FSReqCallback.oncomplete (node:fs:206:21)::1 - - [31/Oct/2022:00:00:31 +0000] "GET /car HTTP/1.1" 500 1342
::1 - - [31/Oct/2022:00:00:31 +0000] "GET /stylesheets/style.css HTTP/1.1" 200 119
TypeError: Cannot read properties of undefined (reading 'split')
    at validateToken (C:\Users\poriglia\ep2\api\utils\token.utils.js:25:28)
    at Layer.handle [as handle_request] (C:\Users\poriglia\ep2\api\node_modules\express\lib\router\layer.js:95:5)
    at trim_prefix (C:\Users\poriglia\ep2\api\node_modules\express\lib\router\index.js:317:13)
    at C:\Users\poriglia\ep2\api\node_modules\express\lib\router\index.js:284:7
    at Function.process_params (C:\Users\poriglia\ep2\api\node_modules\express\lib\router\index.js:335:12)
    at next (C:\Users\poriglia\ep2\api\node_modules\express\lib\router\index.js:275:10)
    at SendStream.error (C:\Users\poriglia\ep2\api\node_modules\serve-static\index.js:121:7)
    at SendStream.emit (node:events:513:28)
    at SendStream.error (C:\Users\poriglia\ep2\api\node_modules\send\index.js:270:17)
    at SendStream.onStatError (C:\Users\poriglia\ep2\api\node_modules\send\index.js:421:12)
    at next (C:\Users\poriglia\ep2\api\node_modules\send\index.js:736:16)
    at onstat (C:\Users\poriglia\ep2\api\node_modules\send\index.js:725:14)
    at FSReqCallback.oncomplete (node:fs:206:21)::ffff:127.0.0.1 - - [31/Oct/2022:00:01:38 +0000] "GET /car HTTP/1.1" 500 1342
::1 - - [31/Oct/2022:00:01:38 +0000] "GET /stylesheets/style.css HTTP/1.1" 200 119
::ffff:127.0.0.1 - - [31/Oct/2022:00:02:25 +0000] "GET /car HTTP/1.1" 200 25
::ffff:127.0.0.1 - - [31/Oct/2022:00:02:35 +0000] "GET /car HTTP/1.1" 403 13
::ffff:127.0.0.1 - - [31/Oct/2022:00:02:40 +0000] "GET /car HTTP/1.1" 200 25
::ffff:127.0.0.1 - - [31/Oct/2022:00:06:48 +0000] "GET /car HTTP/1.1" 200 25
::ffff:127.0.0.1 - - [31/Oct/2022:00:06:56 +0000] "GET /car HTTP/1.1" 403 13
::ffff:127.0.0.1 - - [31/Oct/2022:00:07:02 +0000] "GET /car HTTP/1.1" 200 25
::ffff:127.0.0.1 - - [31/Oct/2022:00:08:17 +0000] "GET /car HTTP/1.1" 200 25
::ffff:127.0.0.1 - - [31/Oct/2022:00:08:23 +0000] "GET /car HTTP/1.1" 403 13
::ffff:127.0.0.1 - - [31/Oct/2022:00:08:30 +0000] "GET /car HTTP/1.1" 200 25
::ffff:127.0.0.1 - - [31/Oct/2022:00:08:46 +0000] "GET /car HTTP/1.1" 200 25
::ffff:127.0.0.1 - - [31/Oct/2022:00:10:34 +0000] "GET /car HTTP/1.1" 200 25
TypeError: Cannot read properties of undefined (reading 'split')
    at validateToken (C:\Users\poriglia\ep2\api\utils\token.utils.js:25:28)
    at Layer.handle [as handle_request] (C:\Users\poriglia\ep2\api\node_modules\express\lib\router\layer.js:95:5)
    at trim_prefix (C:\Users\poriglia\ep2\api\node_modules\express\lib\router\index.js:317:13)
    at C:\Users\poriglia\ep2\api\node_modules\express\lib\router\index.js:284:7
    at Function.process_params (C:\Users\poriglia\ep2\api\node_modules\express\lib\router\index.js:335:12)
    at next (C:\Users\poriglia\ep2\api\node_modules\express\lib\router\index.js:275:10)
    at SendStream.error (C:\Users\poriglia\ep2\api\node_modules\serve-static\index.js:121:7)
    at SendStream.emit (node:events:513:28)
    at SendStream.error (C:\Users\poriglia\ep2\api\node_modules\send\index.js:270:17)
    at SendStream.onStatError (C:\Users\poriglia\ep2\api\node_modules\send\index.js:421:12)
    at next (C:\Users\poriglia\ep2\api\node_modules\send\index.js:736:16)
    at onstat (C:\Users\poriglia\ep2\api\node_modules\send\index.js:725:14)
    at FSReqCallback.oncomplete (node:fs:206:21)::1 - - [31/Oct/2022:00:12:07 +0000] "GET /car HTTP/1.1" 500 1342
::1 - - [31/Oct/2022:00:12:07 +0000] "GET /stylesheets/style.css HTTP/1.1" 304 -
TypeError: Cannot read properties of undefined (reading 'split')
    at validateToken (C:\Users\poriglia\ep2\api\utils\token.utils.js:25:28)
    at Layer.handle [as handle_request] (C:\Users\poriglia\ep2\api\node_modules\express\lib\router\layer.js:95:5)
    at trim_prefix (C:\Users\poriglia\ep2\api\node_modules\express\lib\router\index.js:317:13)
    at C:\Users\poriglia\ep2\api\node_modules\express\lib\router\index.js:284:7
    at Function.process_params (C:\Users\poriglia\ep2\api\node_modules\express\lib\router\index.js:335:12)
    at next (C:\Users\poriglia\ep2\api\node_modules\express\lib\router\index.js:275:10)
    at SendStream.error (C:\Users\poriglia\ep2\api\node_modules\serve-static\index.js:121:7)
    at SendStream.emit (node:events:513:28)
    at SendStream.error (C:\Users\poriglia\ep2\api\node_modules\send\index.js:270:17)
    at SendStream.onStatError (C:\Users\poriglia\ep2\api\node_modules\send\index.js:421:12)
    at next (C:\Users\poriglia\ep2\api\node_modules\send\index.js:736:16)
    at onstat (C:\Users\poriglia\ep2\api\node_modules\send\index.js:725:14)
    at FSReqCallback.oncomplete (node:fs:206:21)::1 - - [31/Oct/2022:00:12:10 +0000] "GET /car HTTP/1.1" 500 1342
::1 - - [31/Oct/2022:00:12:10 +0000] "GET /stylesheets/style.css HTTP/1.1" 304 -
::1 - - [31/Oct/2022:00:12:16 +0000] "GET /alu HTTP/1.1" 304 -
::ffff:127.0.0.1 - - [31/Oct/2022:00:15:47 +0000] "GET /car HTTP/1.1" 403 13
NotFoundError: Not Found
    at C:\Users\poriglia\ep2\api\app.js:54:8
    at Layer.handle [as handle_request] (C:\Users\poriglia\ep2\api\node_modules\express\lib\router\layer.js:95:5)
    at trim_prefix (C:\Users\poriglia\ep2\api\node_modules\express\lib\router\index.js:317:13)
    at C:\Users\poriglia\ep2\api\node_modules\express\lib\router\index.js:284:7
    at Function.process_params (C:\Users\poriglia\ep2\api\node_modules\express\lib\router\index.js:335:12)
    at next (C:\Users\poriglia\ep2\api\node_modules\express\lib\router\index.js:275:10)
    at C:\Users\poriglia\ep2\api\node_modules\express\lib\router\index.js:635:15
    at next (C:\Users\poriglia\ep2\api\node_modules\express\lib\router\index.js:260:14)
    at Function.handle (C:\Users\poriglia\ep2\api\node_modules\express\lib\router\index.js:174:3)
    at router (C:\Users\poriglia\ep2\api\node_modules\express\lib\router\index.js:47:12)
    at Layer.handle [as handle_request] (C:\Users\poriglia\ep2\api\node_modules\express\lib\router\layer.js:95:5)
    at trim_prefix (C:\Users\poriglia\ep2\api\node_modules\express\lib\router\index.js:317:13)
    at C:\Users\poriglia\ep2\api\node_modules\express\lib\router\index.js:284:7
    at Function.process_params (C:\Users\poriglia\ep2\api\node_modules\express\lib\router\index.js:335:12)
    at next (C:\Users\poriglia\ep2\api\node_modules\express\lib\router\index.js:275:10)
    at SendStream.error (C:\Users\poriglia\ep2\api\node_modules\serve-static\index.js:121:7)
    at SendStream.emit (node:events:513:28)
    at SendStream.error (C:\Users\poriglia\ep2\api\node_modules\send\index.js:270:17)
    at SendStream.onStatError (C:\Users\poriglia\ep2\api\node_modules\send\index.js:421:12)
    at next (C:\Users\poriglia\ep2\api\node_modules\send\index.js:736:16)
    at onstat (C:\Users\poriglia\ep2\api\node_modules\send\index.js:725:14)
    at FSReqCallback.oncomplete (node:fs:206:21)::ffff:127.0.0.1 - - [31/Oct/2022:00:18:19 +0000] "GET /user/refreshToken HTTP/1.1" 404 2070
::1 - - [31/Oct/2022:00:18:19 +0000] "GET /stylesheets/style.css HTTP/1.1" 200 119
NotFoundError: Not Found
    at C:\Users\poriglia\ep2\api\app.js:54:8
    at Layer.handle [as handle_request] (C:\Users\poriglia\ep2\api\node_modules\express\lib\router\layer.js:95:5)
    at trim_prefix (C:\Users\poriglia\ep2\api\node_modules\express\lib\router\index.js:317:13)
    at C:\Users\poriglia\ep2\api\node_modules\express\lib\router\index.js:284:7
    at Function.process_params (C:\Users\poriglia\ep2\api\node_modules\express\lib\router\index.js:335:12)
    at next (C:\Users\poriglia\ep2\api\node_modules\express\lib\router\index.js:275:10)
    at C:\Users\poriglia\ep2\api\node_modules\express\lib\router\index.js:635:15
    at next (C:\Users\poriglia\ep2\api\node_modules\express\lib\router\index.js:260:14)
    at Function.handle (C:\Users\poriglia\ep2\api\node_modules\express\lib\router\index.js:174:3)
    at router (C:\Users\poriglia\ep2\api\node_modules\express\lib\router\index.js:47:12)
    at Layer.handle [as handle_request] (C:\Users\poriglia\ep2\api\node_modules\express\lib\router\layer.js:95:5)
    at trim_prefix (C:\Users\poriglia\ep2\api\node_modules\express\lib\router\index.js:317:13)
    at C:\Users\poriglia\ep2\api\node_modules\express\lib\router\index.js:284:7
    at Function.process_params (C:\Users\poriglia\ep2\api\node_modules\express\lib\router\index.js:335:12)
    at next (C:\Users\poriglia\ep2\api\node_modules\express\lib\router\index.js:275:10)
    at SendStream.error (C:\Users\poriglia\ep2\api\node_modules\serve-static\index.js:121:7)
    at SendStream.emit (node:events:513:28)
    at SendStream.error (C:\Users\poriglia\ep2\api\node_modules\send\index.js:270:17)
    at SendStream.onStatError (C:\Users\poriglia\ep2\api\node_modules\send\index.js:421:12)
    at next (C:\Users\poriglia\ep2\api\node_modules\send\index.js:736:16)
    at onstat (C:\Users\poriglia\ep2\api\node_modules\send\index.js:725:14)
    at FSReqCallback.oncomplete (node:fs:206:21)::ffff:127.0.0.1 - - [31/Oct/2022:00:18:43 +0000] "GET /user/logout HTTP/1.1" 404 2070
::1 - - [31/Oct/2022:00:18:43 +0000] "GET /stylesheets/style.css HTTP/1.1" 200 119
NotFoundError: Not Found
    at C:\Users\poriglia\ep2\api\app.js:54:8
    at Layer.handle [as handle_request] (C:\Users\poriglia\ep2\api\node_modules\express\lib\router\layer.js:95:5)
    at trim_prefix (C:\Users\poriglia\ep2\api\node_modules\express\lib\router\index.js:317:13)
    at C:\Users\poriglia\ep2\api\node_modules\express\lib\router\index.js:284:7
    at Function.process_params (C:\Users\poriglia\ep2\api\node_modules\express\lib\router\index.js:335:12)
    at next (C:\Users\poriglia\ep2\api\node_modules\express\lib\router\index.js:275:10)
    at C:\Users\poriglia\ep2\api\node_modules\express\lib\router\index.js:635:15
    at next (C:\Users\poriglia\ep2\api\node_modules\express\lib\router\index.js:260:14)
    at Function.handle (C:\Users\poriglia\ep2\api\node_modules\express\lib\router\index.js:174:3)
    at router (C:\Users\poriglia\ep2\api\node_modules\express\lib\router\index.js:47:12)
    at Layer.handle [as handle_request] (C:\Users\poriglia\ep2\api\node_modules\express\lib\router\layer.js:95:5)
    at trim_prefix (C:\Users\poriglia\ep2\api\node_modules\express\lib\router\index.js:317:13)
    at C:\Users\poriglia\ep2\api\node_modules\express\lib\router\index.js:284:7
    at Function.process_params (C:\Users\poriglia\ep2\api\node_modules\express\lib\router\index.js:335:12)
    at next (C:\Users\poriglia\ep2\api\node_modules\express\lib\router\index.js:275:10)
    at SendStream.error (C:\Users\poriglia\ep2\api\node_modules\serve-static\index.js:121:7)
    at SendStream.emit (node:events:513:28)
    at SendStream.error (C:\Users\poriglia\ep2\api\node_modules\send\index.js:270:17)
    at SendStream.onStatError (C:\Users\poriglia\ep2\api\node_modules\send\index.js:421:12)
    at next (C:\Users\poriglia\ep2\api\node_modules\send\index.js:736:16)
    at onstat (C:\Users\poriglia\ep2\api\node_modules\send\index.js:725:14)
    at FSReqCallback.oncomplete (node:fs:206:21)::ffff:127.0.0.1 - - [31/Oct/2022:00:18:50 +0000] "GET /user/logout HTTP/1.1" 404 2070
::1 - - [31/Oct/2022:00:18:50 +0000] "GET /stylesheets/style.css HTTP/1.1" 200 119
ReferenceError: refreshTokens is not defined
    at C:\Users\poriglia\ep2\api\routes\users.js:99:3
    at Layer.handle [as handle_request] (C:\Users\poriglia\ep2\api\node_modules\express\lib\router\layer.js:95:5)
    at next (C:\Users\poriglia\ep2\api\node_modules\express\lib\router\route.js:137:13)
    at Route.dispatch (C:\Users\poriglia\ep2\api\node_modules\express\lib\router\route.js:112:3)
    at Layer.handle [as handle_request] (C:\Users\poriglia\ep2\api\node_modules\express\lib\router\layer.js:95:5)
    at C:\Users\poriglia\ep2\api\node_modules\express\lib\router\index.js:281:22
    at Function.process_params (C:\Users\poriglia\ep2\api\node_modules\express\lib\router\index.js:335:12)
    at next (C:\Users\poriglia\ep2\api\node_modules\express\lib\router\index.js:275:10)
    at Function.handle (C:\Users\poriglia\ep2\api\node_modules\express\lib\router\index.js:174:3)
    at router (C:\Users\poriglia\ep2\api\node_modules\express\lib\router\index.js:47:12)
    at Layer.handle [as handle_request] (C:\Users\poriglia\ep2\api\node_modules\express\lib\router\layer.js:95:5)
    at trim_prefix (C:\Users\poriglia\ep2\api\node_modules\express\lib\router\index.js:317:13)
    at C:\Users\poriglia\ep2\api\node_modules\express\lib\router\index.js:284:7
    at Function.process_params (C:\Users\poriglia\ep2\api\node_modules\express\lib\router\index.js:335:12)
    at next (C:\Users\poriglia\ep2\api\node_modules\express\lib\router\index.js:275:10)
    at serveStatic (C:\Users\poriglia\ep2\api\node_modules\serve-static\index.js:75:16)
    at Layer.handle [as handle_request] (C:\Users\poriglia\ep2\api\node_modules\express\lib\router\layer.js:95:5)
    at trim_prefix (C:\Users\poriglia\ep2\api\node_modules\express\lib\router\index.js:317:13)
    at C:\Users\poriglia\ep2\api\node_modules\express\lib\router\index.js:284:7
    at Function.process_params (C:\Users\poriglia\ep2\api\node_modules\express\lib\router\index.js:335:12)
    at next (C:\Users\poriglia\ep2\api\node_modules\express\lib\router\index.js:275:10)
    at cookieParser (C:\Users\poriglia\ep2\api\node_modules\cookie-parser\index.js:57:14)::ffff:127.0.0.1 - - [31/Oct/2022:00:19:17 +0000] "DELETE /user/logout HTTP/1.1" 500 2299
::1 - - [31/Oct/2022:00:19:17 +0000] "GET /stylesheets/style.css HTTP/1.1" 200 119
::ffff:127.0.0.1 - - [31/Oct/2022:00:20:58 +0000] "POST /user/login HTTP/1.1" 200 340
TypeError: Cannot read properties of undefined (reading 'split')
    at validateToken (C:\Users\poriglia\ep2\api\utils\token.utils.js:25:28)
    at Layer.handle [as handle_request] (C:\Users\poriglia\ep2\api\node_modules\express\lib\router\layer.js:95:5)
    at trim_prefix (C:\Users\poriglia\ep2\api\node_modules\express\lib\router\index.js:317:13)
    at C:\Users\poriglia\ep2\api\node_modules\express\lib\router\index.js:284:7
    at Function.process_params (C:\Users\poriglia\ep2\api\node_modules\express\lib\router\index.js:335:12)
    at next (C:\Users\poriglia\ep2\api\node_modules\express\lib\router\index.js:275:10)
    at SendStream.error (C:\Users\poriglia\ep2\api\node_modules\serve-static\index.js:121:7)
    at SendStream.emit (node:events:513:28)
    at SendStream.error (C:\Users\poriglia\ep2\api\node_modules\send\index.js:270:17)
    at SendStream.onStatError (C:\Users\poriglia\ep2\api\node_modules\send\index.js:421:12)
    at next (C:\Users\poriglia\ep2\api\node_modules\send\index.js:736:16)
    at onstat (C:\Users\poriglia\ep2\api\node_modules\send\index.js:725:14)
    at FSReqCallback.oncomplete (node:fs:206:21)::ffff:127.0.0.1 - - [31/Oct/2022:00:21:14 +0000] "GET /car HTTP/1.1" 500 1342
::1 - - [31/Oct/2022:00:21:14 +0000] "GET /stylesheets/style.css HTTP/1.1" 200 119
::ffff:127.0.0.1 - - [31/Oct/2022:00:21:39 +0000] "GET /car HTTP/1.1" 200 25
::ffff:127.0.0.1 - - [31/Oct/2022:00:21:43 +0000] "GET /car HTTP/1.1" 403 13
::ffff:127.0.0.1 - - [31/Oct/2022:00:21:51 +0000] "GET /car HTTP/1.1" 200 25
ReferenceError: refreshTokens is not defined
    at C:\Users\poriglia\ep2\api\routes\users.js:99:3
    at Layer.handle [as handle_request] (C:\Users\poriglia\ep2\api\node_modules\express\lib\router\layer.js:95:5)
    at next (C:\Users\poriglia\ep2\api\node_modules\express\lib\router\route.js:137:13)
    at Route.dispatch (C:\Users\poriglia\ep2\api\node_modules\express\lib\router\route.js:112:3)
    at Layer.handle [as handle_request] (C:\Users\poriglia\ep2\api\node_modules\express\lib\router\layer.js:95:5)
    at C:\Users\poriglia\ep2\api\node_modules\express\lib\router\index.js:281:22
    at Function.process_params (C:\Users\poriglia\ep2\api\node_modules\express\lib\router\index.js:335:12)
    at next (C:\Users\poriglia\ep2\api\node_modules\express\lib\router\index.js:275:10)
    at Function.handle (C:\Users\poriglia\ep2\api\node_modules\express\lib\router\index.js:174:3)
    at router (C:\Users\poriglia\ep2\api\node_modules\express\lib\router\index.js:47:12)
    at Layer.handle [as handle_request] (C:\Users\poriglia\ep2\api\node_modules\express\lib\router\layer.js:95:5)
    at trim_prefix (C:\Users\poriglia\ep2\api\node_modules\express\lib\router\index.js:317:13)
    at C:\Users\poriglia\ep2\api\node_modules\express\lib\router\index.js:284:7
    at Function.process_params (C:\Users\poriglia\ep2\api\node_modules\express\lib\router\index.js:335:12)
    at next (C:\Users\poriglia\ep2\api\node_modules\express\lib\router\index.js:275:10)
    at serveStatic (C:\Users\poriglia\ep2\api\node_modules\serve-static\index.js:75:16)
    at Layer.handle [as handle_request] (C:\Users\poriglia\ep2\api\node_modules\express\lib\router\layer.js:95:5)
    at trim_prefix (C:\Users\poriglia\ep2\api\node_modules\express\lib\router\index.js:317:13)
    at C:\Users\poriglia\ep2\api\node_modules\express\lib\router\index.js:284:7
    at Function.process_params (C:\Users\poriglia\ep2\api\node_modules\express\lib\router\index.js:335:12)
    at next (C:\Users\poriglia\ep2\api\node_modules\express\lib\router\index.js:275:10)
    at cookieParser (C:\Users\poriglia\ep2\api\node_modules\cookie-parser\index.js:57:14)::ffff:127.0.0.1 - - [31/Oct/2022:00:22:13 +0000] "DELETE /user/logout HTTP/1.1" 500 2299
::1 - - [31/Oct/2022:00:22:15 +0000] "GET /stylesheets/style.css HTTP/1.1" 200 119
NotFoundError: Not Found
    at C:\Users\poriglia\ep2\api\app.js:54:8
    at Layer.handle [as handle_request] (C:\Users\poriglia\ep2\api\node_modules\express\lib\router\layer.js:95:5)
    at trim_prefix (C:\Users\poriglia\ep2\api\node_modules\express\lib\router\index.js:317:13)
    at C:\Users\poriglia\ep2\api\node_modules\express\lib\router\index.js:284:7
    at Function.process_params (C:\Users\poriglia\ep2\api\node_modules\express\lib\router\index.js:335:12)
    at next (C:\Users\poriglia\ep2\api\node_modules\express\lib\router\index.js:275:10)
    at C:\Users\poriglia\ep2\api\node_modules\express\lib\router\index.js:635:15
    at next (C:\Users\poriglia\ep2\api\node_modules\express\lib\router\index.js:260:14)
    at Function.handle (C:\Users\poriglia\ep2\api\node_modules\express\lib\router\index.js:174:3)
    at router (C:\Users\poriglia\ep2\api\node_modules\express\lib\router\index.js:47:12)
    at Layer.handle [as handle_request] (C:\Users\poriglia\ep2\api\node_modules\express\lib\router\layer.js:95:5)
    at trim_prefix (C:\Users\poriglia\ep2\api\node_modules\express\lib\router\index.js:317:13)
    at C:\Users\poriglia\ep2\api\node_modules\express\lib\router\index.js:284:7
    at Function.process_params (C:\Users\poriglia\ep2\api\node_modules\express\lib\router\index.js:335:12)
    at next (C:\Users\poriglia\ep2\api\node_modules\express\lib\router\index.js:275:10)
    at serveStatic (C:\Users\poriglia\ep2\api\node_modules\serve-static\index.js:75:16)
    at Layer.handle [as handle_request] (C:\Users\poriglia\ep2\api\node_modules\express\lib\router\layer.js:95:5)
    at trim_prefix (C:\Users\poriglia\ep2\api\node_modules\express\lib\router\index.js:317:13)
    at C:\Users\poriglia\ep2\api\node_modules\express\lib\router\index.js:284:7
    at Function.process_params (C:\Users\poriglia\ep2\api\node_modules\express\lib\router\index.js:335:12)
    at next (C:\Users\poriglia\ep2\api\node_modules\express\lib\router\index.js:275:10)
    at cookieParser (C:\Users\poriglia\ep2\api\node_modules\cookie-parser\index.js:57:14)::ffff:127.0.0.1 - - [31/Oct/2022:00:23:05 +0000] "DELETE /user/login HTTP/1.1" 404 2218
::1 - - [31/Oct/2022:00:23:05 +0000] "GET /stylesheets/style.css HTTP/1.1" 200 119
::ffff:127.0.0.1 - - [31/Oct/2022:00:23:11 +0000] "POST /user/login HTTP/1.1" 200 340
NotFoundError: Not Found
    at C:\Users\poriglia\ep2\api\app.js:54:8
    at Layer.handle [as handle_request] (C:\Users\poriglia\ep2\api\node_modules\express\lib\router\layer.js:95:5)
    at trim_prefix (C:\Users\poriglia\ep2\api\node_modules\express\lib\router\index.js:317:13)
    at C:\Users\poriglia\ep2\api\node_modules\express\lib\router\index.js:284:7
    at Function.process_params (C:\Users\poriglia\ep2\api\node_modules\express\lib\router\index.js:335:12)
    at next (C:\Users\poriglia\ep2\api\node_modules\express\lib\router\index.js:275:10)
    at C:\Users\poriglia\ep2\api\node_modules\express\lib\router\index.js:635:15
    at next (C:\Users\poriglia\ep2\api\node_modules\express\lib\router\index.js:260:14)
    at Function.handle (C:\Users\poriglia\ep2\api\node_modules\express\lib\router\index.js:174:3)
    at router (C:\Users\poriglia\ep2\api\node_modules\express\lib\router\index.js:47:12)
    at Layer.handle [as handle_request] (C:\Users\poriglia\ep2\api\node_modules\express\lib\router\layer.js:95:5)
    at trim_prefix (C:\Users\poriglia\ep2\api\node_modules\express\lib\router\index.js:317:13)
    at C:\Users\poriglia\ep2\api\node_modules\express\lib\router\index.js:284:7
    at Function.process_params (C:\Users\poriglia\ep2\api\node_modules\express\lib\router\index.js:335:12)
    at next (C:\Users\poriglia\ep2\api\node_modules\express\lib\router\index.js:275:10)
    at serveStatic (C:\Users\poriglia\ep2\api\node_modules\serve-static\index.js:75:16)
    at Layer.handle [as handle_request] (C:\Users\poriglia\ep2\api\node_modules\express\lib\router\layer.js:95:5)
    at trim_prefix (C:\Users\poriglia\ep2\api\node_modules\express\lib\router\index.js:317:13)
    at C:\Users\poriglia\ep2\api\node_modules\express\lib\router\index.js:284:7
    at Function.process_params (C:\Users\poriglia\ep2\api\node_modules\express\lib\router\index.js:335:12)
    at next (C:\Users\poriglia\ep2\api\node_modules\express\lib\router\index.js:275:10)
    at cookieParser (C:\Users\poriglia\ep2\api\node_modules\cookie-parser\index.js:57:14)::ffff:127.0.0.1 - - [31/Oct/2022:00:23:43 +0000] "POST /user/logout HTTP/1.1" 404 2218
::1 - - [31/Oct/2022:00:23:43 +0000] "GET /stylesheets/style.css HTTP/1.1" 200 119
TypeError: refreshTokens.pull is not a function
    at Object.removeRefreshToken (C:\Users\poriglia\ep2\api\utils\token.utils.js:19:17)
    at C:\Users\poriglia\ep2\api\routes\users.js:99:13
    at Layer.handle [as handle_request] (C:\Users\poriglia\ep2\api\node_modules\express\lib\router\layer.js:95:5)
    at next (C:\Users\poriglia\ep2\api\node_modules\express\lib\router\route.js:137:13)
    at Route.dispatch (C:\Users\poriglia\ep2\api\node_modules\express\lib\router\route.js:112:3)
    at Layer.handle [as handle_request] (C:\Users\poriglia\ep2\api\node_modules\express\lib\router\layer.js:95:5)
    at C:\Users\poriglia\ep2\api\node_modules\express\lib\router\index.js:281:22
    at Function.process_params (C:\Users\poriglia\ep2\api\node_modules\express\lib\router\index.js:335:12)
    at next (C:\Users\poriglia\ep2\api\node_modules\express\lib\router\index.js:275:10)
    at Function.handle (C:\Users\poriglia\ep2\api\node_modules\express\lib\router\index.js:174:3)
    at router (C:\Users\poriglia\ep2\api\node_modules\express\lib\router\index.js:47:12)
    at Layer.handle [as handle_request] (C:\Users\poriglia\ep2\api\node_modules\express\lib\router\layer.js:95:5)
    at trim_prefix (C:\Users\poriglia\ep2\api\node_modules\express\lib\router\index.js:317:13)
    at C:\Users\poriglia\ep2\api\node_modules\express\lib\router\index.js:284:7
    at Function.process_params (C:\Users\poriglia\ep2\api\node_modules\express\lib\router\index.js:335:12)
    at next (C:\Users\poriglia\ep2\api\node_modules\express\lib\router\index.js:275:10)
    at serveStatic (C:\Users\poriglia\ep2\api\node_modules\serve-static\index.js:75:16)
    at Layer.handle [as handle_request] (C:\Users\poriglia\ep2\api\node_modules\express\lib\router\layer.js:95:5)
    at trim_prefix (C:\Users\poriglia\ep2\api\node_modules\express\lib\router\index.js:317:13)
    at C:\Users\poriglia\ep2\api\node_modules\express\lib\router\index.js:284:7
    at Function.process_params (C:\Users\poriglia\ep2\api\node_modules\express\lib\router\index.js:335:12)
    at next (C:\Users\poriglia\ep2\api\node_modules\express\lib\router\index.js:275:10)::ffff:127.0.0.1 - - [31/Oct/2022:00:24:21 +0000] "DELETE /user/logout HTTP/1.1" 500 2309
::1 - - [31/Oct/2022:00:24:21 +0000] "GET /stylesheets/style.css HTTP/1.1" 200 119
::ffff:127.0.0.1 - - [31/Oct/2022:00:25:56 +0000] "POST /user/login HTTP/1.1" 200 340
::1 - - [31/Oct/2022:00:26:07 +0000] "GET /stylesheets/style.css HTTP/1.1" 200 119
::ffff:127.0.0.1 - - [31/Oct/2022:00:26:37 +0000] "DELETE /user/logout HTTP/1.1" 204 -
::ffff:127.0.0.1 - - [31/Oct/2022:00:27:47 +0000] "DELETE /user/logout HTTP/1.1" 204 -
::ffff:127.0.0.1 - - [31/Oct/2022:00:27:50 +0000] "DELETE /user/logout HTTP/1.1" 204 -
::ffff:127.0.0.1 - - [31/Oct/2022:00:27:52 +0000] "DELETE /user/logout HTTP/1.1" 204 -
::ffff:127.0.0.1 - - [31/Oct/2022:00:27:59 +0000] "DELETE /user/logout HTTP/1.1" 204 -
::ffff:127.0.0.1 - - [31/Oct/2022:00:28:03 +0000] "POST /user/login HTTP/1.1" 200 340
::ffff:127.0.0.1 - - [31/Oct/2022:00:28:07 +0000] "DELETE /user/logout HTTP/1.1" 204 -
::ffff:127.0.0.1 - - [31/Oct/2022:00:28:08 +0000] "DELETE /user/logout HTTP/1.1" 204 -
::ffff:127.0.0.1 - - [31/Oct/2022:00:28:21 +0000] "GET /car HTTP/1.1" 200 25
::ffff:127.0.0.1 - - [31/Oct/2022:00:28:23 +0000] "GET /car HTTP/1.1" 200 25
::ffff:127.0.0.1 - - [31/Oct/2022:00:28:35 +0000] "GET /car HTTP/1.1" 403 13
::ffff:127.0.0.1 - - [31/Oct/2022:00:28:39 +0000] "GET /car HTTP/1.1" 200 25
::ffff:127.0.0.1 - - [31/Oct/2022:00:28:56 +0000] "DELETE /user/logout HTTP/1.1" 204 -
::ffff:127.0.0.1 - - [31/Oct/2022:00:28:58 +0000] "GET /car HTTP/1.1" 200 25
::ffff:127.0.0.1 - - [31/Oct/2022:00:29:01 +0000] "DELETE /user/logout HTTP/1.1" 204 -
::ffff:127.0.0.1 - - [31/Oct/2022:00:29:02 +0000] "DELETE /user/logout HTTP/1.1" 204 -
::ffff:127.0.0.1 - - [31/Oct/2022:00:32:50 +0000] "POST /user/login HTTP/1.1" 200 340
::ffff:127.0.0.1 - - [31/Oct/2022:00:33:05 +0000] "GET /car HTTP/1.1" 200 25
TypeError: Cannot read properties of undefined (reading 'split')
    at validateToken (C:\Users\poriglia\ep2\api\utils\token.utils.js:27:28)
    at Layer.handle [as handle_request] (C:\Users\poriglia\ep2\api\node_modules\express\lib\router\layer.js:95:5)
    at trim_prefix (C:\Users\poriglia\ep2\api\node_modules\express\lib\router\index.js:317:13)
    at C:\Users\poriglia\ep2\api\node_modules\express\lib\router\index.js:284:7
    at Function.process_params (C:\Users\poriglia\ep2\api\node_modules\express\lib\router\index.js:335:12)
    at next (C:\Users\poriglia\ep2\api\node_modules\express\lib\router\index.js:275:10)
    at SendStream.error (C:\Users\poriglia\ep2\api\node_modules\serve-static\index.js:121:7)
    at SendStream.emit (node:events:513:28)
    at SendStream.error (C:\Users\poriglia\ep2\api\node_modules\send\index.js:270:17)
    at SendStream.onStatError (C:\Users\poriglia\ep2\api\node_modules\send\index.js:421:12)
    at next (C:\Users\poriglia\ep2\api\node_modules\send\index.js:736:16)
    at onstat (C:\Users\poriglia\ep2\api\node_modules\send\index.js:725:14)
    at FSReqCallback.oncomplete (node:fs:206:21)::ffff:127.0.0.1 - - [31/Oct/2022:00:33:16 +0000] "GET /car HTTP/1.1" 500 1342
::1 - - [31/Oct/2022:00:33:16 +0000] "GET /stylesheets/style.css HTTP/1.1" 200 119
::ffff:127.0.0.1 - - [31/Oct/2022:00:34:28 +0000] "POST /user/login HTTP/1.1" 200 340
::ffff:127.0.0.1 - - [31/Oct/2022:00:34:47 +0000] "GET /car HTTP/1.1" 200 25
::ffff:127.0.0.1 - - [31/Oct/2022:00:34:54 +0000] "GET /car HTTP/1.1" 403 13
Error [ERR_HTTP_HEADERS_SENT]: Cannot set headers after they are sent to the client
    at new NodeError (node:internal/errors:387:5)
    at ServerResponse.setHeader (node:_http_outgoing:603:11)
    at ServerResponse.header (C:\Users\poriglia\ep2\api\node_modules\express\lib\response.js:767:10)
    at ServerResponse.send (C:\Users\poriglia\ep2\api\node_modules\express\lib\response.js:170:12)
    at validateToken (C:\Users\poriglia\ep2\api\utils\token.utils.js:26:52)
    at Layer.handle [as handle_request] (C:\Users\poriglia\ep2\api\node_modules\express\lib\router\layer.js:95:5)
    at trim_prefix (C:\Users\poriglia\ep2\api\node_modules\express\lib\router\index.js:317:13)
    at C:\Users\poriglia\ep2\api\node_modules\express\lib\router\index.js:284:7
    at Function.process_params (C:\Users\poriglia\ep2\api\node_modules\express\lib\router\index.js:335:12)
    at next (C:\Users\poriglia\ep2\api\node_modules\express\lib\router\index.js:275:10)
    at SendStream.error (C:\Users\poriglia\ep2\api\node_modules\serve-static\index.js:121:7)
    at SendStream.emit (node:events:513:28)
    at SendStream.error (C:\Users\poriglia\ep2\api\node_modules\send\index.js:270:17)
    at SendStream.onStatError (C:\Users\poriglia\ep2\api\node_modules\send\index.js:421:12)
    at next (C:\Users\poriglia\ep2\api\node_modules\send\index.js:736:16)
    at onstat (C:\Users\poriglia\ep2\api\node_modules\send\index.js:725:14)
    at FSReqCallback.oncomplete (node:fs:206:21)::ffff:127.0.0.1 - - [31/Oct/2022:00:35:01 +0000] "GET /car HTTP/1.1" 500 11
::ffff:127.0.0.1 - - [31/Oct/2022:00:35:37 +0000] "POST /user/login HTTP/1.1" 200 340
::ffff:127.0.0.1 - - [31/Oct/2022:00:35:50 +0000] "GET /car HTTP/1.1" 200 25
::ffff:127.0.0.1 - - [31/Oct/2022:00:35:56 +0000] "GET /car HTTP/1.1" 403 13
TypeError: Cannot read properties of undefined (reading 'split')
    at validateToken (C:\Users\poriglia\ep2\api\utils\token.utils.js:28:28)
    at Layer.handle [as handle_request] (C:\Users\poriglia\ep2\api\node_modules\express\lib\router\layer.js:95:5)
    at trim_prefix (C:\Users\poriglia\ep2\api\node_modules\express\lib\router\index.js:317:13)
    at C:\Users\poriglia\ep2\api\node_modules\express\lib\router\index.js:284:7
    at Function.process_params (C:\Users\poriglia\ep2\api\node_modules\express\lib\router\index.js:335:12)
    at next (C:\Users\poriglia\ep2\api\node_modules\express\lib\router\index.js:275:10)
    at SendStream.error (C:\Users\poriglia\ep2\api\node_modules\serve-static\index.js:121:7)
    at SendStream.emit (node:events:513:28)
    at SendStream.error (C:\Users\poriglia\ep2\api\node_modules\send\index.js:270:17)
    at SendStream.onStatError (C:\Users\poriglia\ep2\api\node_modules\send\index.js:421:12)
    at next (C:\Users\poriglia\ep2\api\node_modules\send\index.js:736:16)
    at onstat (C:\Users\poriglia\ep2\api\node_modules\send\index.js:725:14)
    at FSReqCallback.oncomplete (node:fs:206:21)::ffff:127.0.0.1 - - [31/Oct/2022:00:36:02 +0000] "GET /car HTTP/1.1" 500 17
::ffff:127.0.0.1 - - [31/Oct/2022:00:38:52 +0000] "POST /user/login HTTP/1.1" 200 340
::ffff:127.0.0.1 - - [31/Oct/2022:00:39:57 +0000] "POST /user/login HTTP/1.1" 200 340
::ffff:127.0.0.1 - - [31/Oct/2022:00:40:07 +0000] "GET /car HTTP/1.1" 200 25
::ffff:127.0.0.1 - - [31/Oct/2022:00:40:11 +0000] "GET /car HTTP/1.1" 403 13
::ffff:127.0.0.1 - - [31/Oct/2022:00:40:15 +0000] "GET /car HTTP/1.1" 400 17
::ffff:127.0.0.1 - - [31/Oct/2022:00:41:20 +0000] "GET /car HTTP/1.1" 200 25
::ffff:127.0.0.1 - - [31/Oct/2022:00:41:25 +0000] "DELETE /user/logout HTTP/1.1" 204 -
::ffff:127.0.0.1 - - [31/Oct/2022:00:41:29 +0000] "GET /car HTTP/1.1" 200 25
::ffff:127.0.0.1 - - [31/Oct/2022:00:42:14 +0000] "DELETE /user/logout HTTP/1.1" 204 -
::ffff:127.0.0.1 - - [31/Oct/2022:00:42:18 +0000] "GET /car HTTP/1.1" 200 25
::ffff:127.0.0.1 - - [31/Oct/2022:00:42:20 +0000] "GET /car HTTP/1.1" 200 25
::ffff:127.0.0.1 - - [31/Oct/2022:00:52:56 +0000] "POST /user/login HTTP/1.1" 200 340
::ffff:127.0.0.1 - - [31/Oct/2022:00:53:16 +0000] "GET /car HTTP/1.1" 200 25
::ffff:127.0.0.1 - - [31/Oct/2022:00:53:18 +0000] "GET /car HTTP/1.1" 200 25
::ffff:127.0.0.1 - - [31/Oct/2022:00:53:51 +0000] "POST /user/login HTTP/1.1" 200 340
::ffff:127.0.0.1 - - [31/Oct/2022:00:54:03 +0000] "GET /car HTTP/1.1" 200 25
::ffff:127.0.0.1 - - [31/Oct/2022:00:54:06 +0000] "GET /car HTTP/1.1" 403 13
::ffff:127.0.0.1 - - [31/Oct/2022:00:54:09 +0000] "GET /car HTTP/1.1" 200 25
::ffff:127.0.0.1 - - [31/Oct/2022:00:54:29 +0000] "GET /car HTTP/1.1" 200 25
Error [ERR_HTTP_HEADERS_SENT]: Cannot set headers after they are sent to the client
    at new NodeError (node:internal/errors:387:5)
    at ServerResponse.setHeader (node:_http_outgoing:603:11)
    at ServerResponse.header (C:\Users\poriglia\ep2\api\node_modules\express\lib\response.js:767:10)
    at ServerResponse.send (C:\Users\poriglia\ep2\api\node_modules\express\lib\response.js:170:12)
    at ServerResponse.json (C:\Users\poriglia\ep2\api\node_modules\express\lib\response.js:267:15)
    at C:\Users\poriglia\ep2\api\routes\users.js:96:7
    at Layer.handle [as handle_request] (C:\Users\poriglia\ep2\api\node_modules\express\lib\router\layer.js:95:5)
    at next (C:\Users\poriglia\ep2\api\node_modules\express\lib\router\route.js:137:13)
    at Route.dispatch (C:\Users\poriglia\ep2\api\node_modules\express\lib\router\route.js:112:3)
    at Layer.handle [as handle_request] (C:\Users\poriglia\ep2\api\node_modules\express\lib\router\layer.js:95:5)
    at C:\Users\poriglia\ep2\api\node_modules\express\lib\router\index.js:281:22
    at Function.process_params (C:\Users\poriglia\ep2\api\node_modules\express\lib\router\index.js:335:12)
    at next (C:\Users\poriglia\ep2\api\node_modules\express\lib\router\index.js:275:10)
    at Function.handle (C:\Users\poriglia\ep2\api\node_modules\express\lib\router\index.js:174:3)
    at router (C:\Users\poriglia\ep2\api\node_modules\express\lib\router\index.js:47:12)
    at Layer.handle [as handle_request] (C:\Users\poriglia\ep2\api\node_modules\express\lib\router\layer.js:95:5)
    at trim_prefix (C:\Users\poriglia\ep2\api\node_modules\express\lib\router\index.js:317:13)
    at C:\Users\poriglia\ep2\api\node_modules\express\lib\router\index.js:284:7
    at Function.process_params (C:\Users\poriglia\ep2\api\node_modules\express\lib\router\index.js:335:12)
    at next (C:\Users\poriglia\ep2\api\node_modules\express\lib\router\index.js:275:10)
    at serveStatic (C:\Users\poriglia\ep2\api\node_modules\serve-static\index.js:75:16)
    at Layer.handle [as handle_request] (C:\Users\poriglia\ep2\api\node_modules\express\lib\router\layer.js:95:5)::ffff:127.0.0.1 - - [31/Oct/2022:00:54:48 +0000] "POST /user/refreshToken HTTP/1.1" 500 21
Error [ERR_HTTP_HEADERS_SENT]: Cannot set headers after they are sent to the client
    at new NodeError (node:internal/errors:387:5)
    at ServerResponse.setHeader (node:_http_outgoing:603:11)
    at ServerResponse.header (C:\Users\poriglia\ep2\api\node_modules\express\lib\response.js:767:10)
    at ServerResponse.send (C:\Users\poriglia\ep2\api\node_modules\express\lib\response.js:170:12)
    at ServerResponse.json (C:\Users\poriglia\ep2\api\node_modules\express\lib\response.js:267:15)
    at C:\Users\poriglia\ep2\api\routes\users.js:96:7
    at Layer.handle [as handle_request] (C:\Users\poriglia\ep2\api\node_modules\express\lib\router\layer.js:95:5)
    at next (C:\Users\poriglia\ep2\api\node_modules\express\lib\router\route.js:137:13)
    at Route.dispatch (C:\Users\poriglia\ep2\api\node_modules\express\lib\router\route.js:112:3)
    at Layer.handle [as handle_request] (C:\Users\poriglia\ep2\api\node_modules\express\lib\router\layer.js:95:5)
    at C:\Users\poriglia\ep2\api\node_modules\express\lib\router\index.js:281:22
    at Function.process_params (C:\Users\poriglia\ep2\api\node_modules\express\lib\router\index.js:335:12)
    at next (C:\Users\poriglia\ep2\api\node_modules\express\lib\router\index.js:275:10)
    at Function.handle (C:\Users\poriglia\ep2\api\node_modules\express\lib\router\index.js:174:3)
    at router (C:\Users\poriglia\ep2\api\node_modules\express\lib\router\index.js:47:12)
    at Layer.handle [as handle_request] (C:\Users\poriglia\ep2\api\node_modules\express\lib\router\layer.js:95:5)
    at trim_prefix (C:\Users\poriglia\ep2\api\node_modules\express\lib\router\index.js:317:13)
    at C:\Users\poriglia\ep2\api\node_modules\express\lib\router\index.js:284:7
    at Function.process_params (C:\Users\poriglia\ep2\api\node_modules\express\lib\router\index.js:335:12)
    at next (C:\Users\poriglia\ep2\api\node_modules\express\lib\router\index.js:275:10)
    at serveStatic (C:\Users\poriglia\ep2\api\node_modules\serve-static\index.js:75:16)
    at Layer.handle [as handle_request] (C:\Users\poriglia\ep2\api\node_modules\express\lib\router\layer.js:95:5)::ffff:127.0.0.1 - - [31/Oct/2022:00:54:56 +0000] "POST /user/refreshToken HTTP/1.1" 500 21
Error [ERR_HTTP_HEADERS_SENT]: Cannot set headers after they are sent to the client
    at new NodeError (node:internal/errors:387:5)
    at ServerResponse.setHeader (node:_http_outgoing:603:11)
    at ServerResponse.header (C:\Users\poriglia\ep2\api\node_modules\express\lib\response.js:767:10)
    at ServerResponse.send (C:\Users\poriglia\ep2\api\node_modules\express\lib\response.js:170:12)
    at ServerResponse.json (C:\Users\poriglia\ep2\api\node_modules\express\lib\response.js:267:15)
    at C:\Users\poriglia\ep2\api\routes\users.js:96:7
    at Layer.handle [as handle_request] (C:\Users\poriglia\ep2\api\node_modules\express\lib\router\layer.js:95:5)
    at next (C:\Users\poriglia\ep2\api\node_modules\express\lib\router\route.js:137:13)
    at Route.dispatch (C:\Users\poriglia\ep2\api\node_modules\express\lib\router\route.js:112:3)
    at Layer.handle [as handle_request] (C:\Users\poriglia\ep2\api\node_modules\express\lib\router\layer.js:95:5)
    at C:\Users\poriglia\ep2\api\node_modules\express\lib\router\index.js:281:22
    at Function.process_params (C:\Users\poriglia\ep2\api\node_modules\express\lib\router\index.js:335:12)
    at next (C:\Users\poriglia\ep2\api\node_modules\express\lib\router\index.js:275:10)
    at Function.handle (C:\Users\poriglia\ep2\api\node_modules\express\lib\router\index.js:174:3)
    at router (C:\Users\poriglia\ep2\api\node_modules\express\lib\router\index.js:47:12)
    at Layer.handle [as handle_request] (C:\Users\poriglia\ep2\api\node_modules\express\lib\router\layer.js:95:5)
    at trim_prefix (C:\Users\poriglia\ep2\api\node_modules\express\lib\router\index.js:317:13)
    at C:\Users\poriglia\ep2\api\node_modules\express\lib\router\index.js:284:7
    at Function.process_params (C:\Users\poriglia\ep2\api\node_modules\express\lib\router\index.js:335:12)
    at next (C:\Users\poriglia\ep2\api\node_modules\express\lib\router\index.js:275:10)
    at serveStatic (C:\Users\poriglia\ep2\api\node_modules\serve-static\index.js:75:16)
    at Layer.handle [as handle_request] (C:\Users\poriglia\ep2\api\node_modules\express\lib\router\layer.js:95:5)::ffff:127.0.0.1 - - [31/Oct/2022:00:54:59 +0000] "POST /user/refreshToken HTTP/1.1" 500 21
Error [ERR_HTTP_HEADERS_SENT]: Cannot set headers after they are sent to the client
    at new NodeError (node:internal/errors:387:5)
    at ServerResponse.setHeader (node:_http_outgoing:603:11)
    at ServerResponse.header (C:\Users\poriglia\ep2\api\node_modules\express\lib\response.js:767:10)
    at ServerResponse.send (C:\Users\poriglia\ep2\api\node_modules\express\lib\response.js:170:12)
    at ServerResponse.json (C:\Users\poriglia\ep2\api\node_modules\express\lib\response.js:267:15)
    at C:\Users\poriglia\ep2\api\routes\users.js:96:7
    at Layer.handle [as handle_request] (C:\Users\poriglia\ep2\api\node_modules\express\lib\router\layer.js:95:5)
    at next (C:\Users\poriglia\ep2\api\node_modules\express\lib\router\route.js:137:13)
    at Route.dispatch (C:\Users\poriglia\ep2\api\node_modules\express\lib\router\route.js:112:3)
    at Layer.handle [as handle_request] (C:\Users\poriglia\ep2\api\node_modules\express\lib\router\layer.js:95:5)
    at C:\Users\poriglia\ep2\api\node_modules\express\lib\router\index.js:281:22
    at Function.process_params (C:\Users\poriglia\ep2\api\node_modules\express\lib\router\index.js:335:12)
    at next (C:\Users\poriglia\ep2\api\node_modules\express\lib\router\index.js:275:10)
    at Function.handle (C:\Users\poriglia\ep2\api\node_modules\express\lib\router\index.js:174:3)
    at router (C:\Users\poriglia\ep2\api\node_modules\express\lib\router\index.js:47:12)
    at Layer.handle [as handle_request] (C:\Users\poriglia\ep2\api\node_modules\express\lib\router\layer.js:95:5)
    at trim_prefix (C:\Users\poriglia\ep2\api\node_modules\express\lib\router\index.js:317:13)
    at C:\Users\poriglia\ep2\api\node_modules\express\lib\router\index.js:284:7
    at Function.process_params (C:\Users\poriglia\ep2\api\node_modules\express\lib\router\index.js:335:12)
    at next (C:\Users\poriglia\ep2\api\node_modules\express\lib\router\index.js:275:10)
    at serveStatic (C:\Users\poriglia\ep2\api\node_modules\serve-static\index.js:75:16)
    at Layer.handle [as handle_request] (C:\Users\poriglia\ep2\api\node_modules\express\lib\router\layer.js:95:5)::ffff:127.0.0.1 - - [31/Oct/2022:00:55:17 +0000] "POST /user/refreshToken HTTP/1.1" 500 21
::ffff:127.0.0.1 - - [31/Oct/2022:00:55:34 +0000] "GET /car HTTP/1.1" 200 25
::ffff:127.0.0.1 - - [31/Oct/2022:00:55:35 +0000] "GET /car HTTP/1.1" 200 25
Error [ERR_HTTP_HEADERS_SENT]: Cannot set headers after they are sent to the client
    at new NodeError (node:internal/errors:387:5)
    at ServerResponse.setHeader (node:_http_outgoing:603:11)
    at ServerResponse.header (C:\Users\poriglia\ep2\api\node_modules\express\lib\response.js:767:10)
    at ServerResponse.send (C:\Users\poriglia\ep2\api\node_modules\express\lib\response.js:170:12)
    at ServerResponse.json (C:\Users\poriglia\ep2\api\node_modules\express\lib\response.js:267:15)
    at C:\Users\poriglia\ep2\api\routes\users.js:96:7
    at Layer.handle [as handle_request] (C:\Users\poriglia\ep2\api\node_modules\express\lib\router\layer.js:95:5)
    at next (C:\Users\poriglia\ep2\api\node_modules\express\lib\router\route.js:137:13)
    at Route.dispatch (C:\Users\poriglia\ep2\api\node_modules\express\lib\router\route.js:112:3)
    at Layer.handle [as handle_request] (C:\Users\poriglia\ep2\api\node_modules\express\lib\router\layer.js:95:5)
    at C:\Users\poriglia\ep2\api\node_modules\express\lib\router\index.js:281:22
    at Function.process_params (C:\Users\poriglia\ep2\api\node_modules\express\lib\router\index.js:335:12)
    at next (C:\Users\poriglia\ep2\api\node_modules\express\lib\router\index.js:275:10)
    at Function.handle (C:\Users\poriglia\ep2\api\node_modules\express\lib\router\index.js:174:3)
    at router (C:\Users\poriglia\ep2\api\node_modules\express\lib\router\index.js:47:12)
    at Layer.handle [as handle_request] (C:\Users\poriglia\ep2\api\node_modules\express\lib\router\layer.js:95:5)
    at trim_prefix (C:\Users\poriglia\ep2\api\node_modules\express\lib\router\index.js:317:13)
    at C:\Users\poriglia\ep2\api\node_modules\express\lib\router\index.js:284:7
    at Function.process_params (C:\Users\poriglia\ep2\api\node_modules\express\lib\router\index.js:335:12)
    at next (C:\Users\poriglia\ep2\api\node_modules\express\lib\router\index.js:275:10)
    at serveStatic (C:\Users\poriglia\ep2\api\node_modules\serve-static\index.js:75:16)
    at Layer.handle [as handle_request] (C:\Users\poriglia\ep2\api\node_modules\express\lib\router\layer.js:95:5)::ffff:127.0.0.1 - - [31/Oct/2022:00:55:38 +0000] "POST /user/refreshToken HTTP/1.1" 500 21
::ffff:127.0.0.1 - - [31/Oct/2022:00:57:00 +0000] "POST /user/login HTTP/1.1" 200 340
::ffff:127.0.0.1 - - [31/Oct/2022:00:57:14 +0000] "GET /car HTTP/1.1" 200 25
::ffff:127.0.0.1 - - [31/Oct/2022:00:57:40 +0000] "GET /car HTTP/1.1" 200 25
::ffff:127.0.0.1 - - [31/Oct/2022:00:58:01 +0000] "GET /car HTTP/1.1" 200 25
::ffff:127.0.0.1 - - [31/Oct/2022:00:58:19 +0000] "GET /car HTTP/1.1" 200 25
::ffff:127.0.0.1 - - [31/Oct/2022:00:58:21 +0000] "GET /car HTTP/1.1" 200 25
::ffff:127.0.0.1 - - [31/Oct/2022:00:58:35 +0000] "GET /car HTTP/1.1" 200 25
::ffff:127.0.0.1 - - [31/Oct/2022:00:58:45 +0000] "GET /car HTTP/1.1" 200 25
::ffff:127.0.0.1 - - [31/Oct/2022:00:58:53 +0000] "GET /car HTTP/1.1" 403 13
Error [ERR_HTTP_HEADERS_SENT]: Cannot set headers after they are sent to the client
    at new NodeError (node:internal/errors:387:5)
    at ServerResponse.setHeader (node:_http_outgoing:603:11)
    at ServerResponse.header (C:\Users\poriglia\ep2\api\node_modules\express\lib\response.js:767:10)
    at ServerResponse.send (C:\Users\poriglia\ep2\api\node_modules\express\lib\response.js:170:12)
    at ServerResponse.json (C:\Users\poriglia\ep2\api\node_modules\express\lib\response.js:267:15)
    at C:\Users\poriglia\ep2\api\routes\users.js:96:7
    at Layer.handle [as handle_request] (C:\Users\poriglia\ep2\api\node_modules\express\lib\router\layer.js:95:5)
    at next (C:\Users\poriglia\ep2\api\node_modules\express\lib\router\route.js:137:13)
    at Route.dispatch (C:\Users\poriglia\ep2\api\node_modules\express\lib\router\route.js:112:3)
    at Layer.handle [as handle_request] (C:\Users\poriglia\ep2\api\node_modules\express\lib\router\layer.js:95:5)
    at C:\Users\poriglia\ep2\api\node_modules\express\lib\router\index.js:281:22
    at Function.process_params (C:\Users\poriglia\ep2\api\node_modules\express\lib\router\index.js:335:12)
    at next (C:\Users\poriglia\ep2\api\node_modules\express\lib\router\index.js:275:10)
    at Function.handle (C:\Users\poriglia\ep2\api\node_modules\express\lib\router\index.js:174:3)
    at router (C:\Users\poriglia\ep2\api\node_modules\express\lib\router\index.js:47:12)
    at Layer.handle [as handle_request] (C:\Users\poriglia\ep2\api\node_modules\express\lib\router\layer.js:95:5)
    at trim_prefix (C:\Users\poriglia\ep2\api\node_modules\express\lib\router\index.js:317:13)
    at C:\Users\poriglia\ep2\api\node_modules\express\lib\router\index.js:284:7
    at Function.process_params (C:\Users\poriglia\ep2\api\node_modules\express\lib\router\index.js:335:12)
    at next (C:\Users\poriglia\ep2\api\node_modules\express\lib\router\index.js:275:10)
    at serveStatic (C:\Users\poriglia\ep2\api\node_modules\serve-static\index.js:75:16)
    at Layer.handle [as handle_request] (C:\Users\poriglia\ep2\api\node_modules\express\lib\router\layer.js:95:5)::ffff:127.0.0.1 - - [31/Oct/2022:00:59:20 +0000] "POST /user/refreshToken HTTP/1.1" 500 21
Error [ERR_HTTP_HEADERS_SENT]: Cannot set headers after they are sent to the client
    at new NodeError (node:internal/errors:387:5)
    at ServerResponse.setHeader (node:_http_outgoing:603:11)
    at ServerResponse.header (C:\Users\poriglia\ep2\api\node_modules\express\lib\response.js:767:10)
    at ServerResponse.send (C:\Users\poriglia\ep2\api\node_modules\express\lib\response.js:170:12)
    at ServerResponse.json (C:\Users\poriglia\ep2\api\node_modules\express\lib\response.js:267:15)
    at C:\Users\poriglia\ep2\api\routes\users.js:96:7
    at Layer.handle [as handle_request] (C:\Users\poriglia\ep2\api\node_modules\express\lib\router\layer.js:95:5)
    at next (C:\Users\poriglia\ep2\api\node_modules\express\lib\router\route.js:137:13)
    at Route.dispatch (C:\Users\poriglia\ep2\api\node_modules\express\lib\router\route.js:112:3)
    at Layer.handle [as handle_request] (C:\Users\poriglia\ep2\api\node_modules\express\lib\router\layer.js:95:5)
    at C:\Users\poriglia\ep2\api\node_modules\express\lib\router\index.js:281:22
    at Function.process_params (C:\Users\poriglia\ep2\api\node_modules\express\lib\router\index.js:335:12)
    at next (C:\Users\poriglia\ep2\api\node_modules\express\lib\router\index.js:275:10)
    at Function.handle (C:\Users\poriglia\ep2\api\node_modules\express\lib\router\index.js:174:3)
    at router (C:\Users\poriglia\ep2\api\node_modules\express\lib\router\index.js:47:12)
    at Layer.handle [as handle_request] (C:\Users\poriglia\ep2\api\node_modules\express\lib\router\layer.js:95:5)
    at trim_prefix (C:\Users\poriglia\ep2\api\node_modules\express\lib\router\index.js:317:13)
    at C:\Users\poriglia\ep2\api\node_modules\express\lib\router\index.js:284:7
    at Function.process_params (C:\Users\poriglia\ep2\api\node_modules\express\lib\router\index.js:335:12)
    at next (C:\Users\poriglia\ep2\api\node_modules\express\lib\router\index.js:275:10)
    at serveStatic (C:\Users\poriglia\ep2\api\node_modules\serve-static\index.js:75:16)
    at Layer.handle [as handle_request] (C:\Users\poriglia\ep2\api\node_modules\express\lib\router\layer.js:95:5)::ffff:127.0.0.1 - - [31/Oct/2022:01:00:16 +0000] "POST /user/refreshToken HTTP/1.1" 500 21
Error [ERR_HTTP_HEADERS_SENT]: Cannot set headers after they are sent to the client
    at new NodeError (node:internal/errors:387:5)
    at ServerResponse.setHeader (node:_http_outgoing:603:11)
    at ServerResponse.header (C:\Users\poriglia\ep2\api\node_modules\express\lib\response.js:767:10)
    at ServerResponse.send (C:\Users\poriglia\ep2\api\node_modules\express\lib\response.js:170:12)
    at ServerResponse.json (C:\Users\poriglia\ep2\api\node_modules\express\lib\response.js:267:15)
    at C:\Users\poriglia\ep2\api\routes\users.js:96:7
    at Layer.handle [as handle_request] (C:\Users\poriglia\ep2\api\node_modules\express\lib\router\layer.js:95:5)
    at next (C:\Users\poriglia\ep2\api\node_modules\express\lib\router\route.js:137:13)
    at Route.dispatch (C:\Users\poriglia\ep2\api\node_modules\express\lib\router\route.js:112:3)
    at Layer.handle [as handle_request] (C:\Users\poriglia\ep2\api\node_modules\express\lib\router\layer.js:95:5)
    at C:\Users\poriglia\ep2\api\node_modules\express\lib\router\index.js:281:22
    at Function.process_params (C:\Users\poriglia\ep2\api\node_modules\express\lib\router\index.js:335:12)
    at next (C:\Users\poriglia\ep2\api\node_modules\express\lib\router\index.js:275:10)
    at Function.handle (C:\Users\poriglia\ep2\api\node_modules\express\lib\router\index.js:174:3)
    at router (C:\Users\poriglia\ep2\api\node_modules\express\lib\router\index.js:47:12)
    at Layer.handle [as handle_request] (C:\Users\poriglia\ep2\api\node_modules\express\lib\router\layer.js:95:5)
    at trim_prefix (C:\Users\poriglia\ep2\api\node_modules\express\lib\router\index.js:317:13)
    at C:\Users\poriglia\ep2\api\node_modules\express\lib\router\index.js:284:7
    at Function.process_params (C:\Users\poriglia\ep2\api\node_modules\express\lib\router\index.js:335:12)
    at next (C:\Users\poriglia\ep2\api\node_modules\express\lib\router\index.js:275:10)
    at serveStatic (C:\Users\poriglia\ep2\api\node_modules\serve-static\index.js:75:16)
    at Layer.handle [as handle_request] (C:\Users\poriglia\ep2\api\node_modules\express\lib\router\layer.js:95:5)::ffff:127.0.0.1 - - [31/Oct/2022:01:00:20 +0000] "POST /user/refreshToken HTTP/1.1" 500 21
::ffff:127.0.0.1 - - [31/Oct/2022:01:01:15 +0000] "POST /user/login HTTP/1.1" 200 340
::ffff:127.0.0.1 - - [31/Oct/2022:01:01:50 +0000] "POST /user/login HTTP/1.1" 200 340
::ffff:127.0.0.1 - - [31/Oct/2022:01:02:01 +0000] "GET /car HTTP/1.1" 403 13
::ffff:127.0.0.1 - - [31/Oct/2022:01:02:07 +0000] "GET /car HTTP/1.1" 200 25
::ffff:127.0.0.1 - - [31/Oct/2022:01:02:12 +0000] "GET /car HTTP/1.1" 403 13
::ffff:127.0.0.1 - - [31/Oct/2022:01:02:17 +0000] "GET /car HTTP/1.1" 200 25
::ffff:127.0.0.1 - - [31/Oct/2022:01:02:39 +0000] "GET /car HTTP/1.1" 200 25
::ffff:127.0.0.1 - - [31/Oct/2022:01:02:47 +0000] "GET /car HTTP/1.1" 200 25
::ffff:127.0.0.1 - - [31/Oct/2022:01:03:00 +0000] "GET /car HTTP/1.1" 200 25
::ffff:127.0.0.1 - - [31/Oct/2022:01:03:11 +0000] "GET /car HTTP/1.1" 200 25
::ffff:127.0.0.1 - - [31/Oct/2022:01:03:13 +0000] "GET /car HTTP/1.1" 200 25
::ffff:127.0.0.1 - - [31/Oct/2022:01:03:22 +0000] "GET /car HTTP/1.1" 200 25
::ffff:127.0.0.1 - - [31/Oct/2022:01:03:31 +0000] "GET /car HTTP/1.1" 200 25
::ffff:127.0.0.1 - - [31/Oct/2022:01:03:45 +0000] "GET /car HTTP/1.1" 200 25
::ffff:127.0.0.1 - - [31/Oct/2022:01:04:05 +0000] "GET /car HTTP/1.1" 403 13
::ffff:127.0.0.1 - - [31/Oct/2022:01:04:10 +0000] "POST /user/refreshToken HTTP/1.1" 400 21
::ffff:127.0.0.1 - - [31/Oct/2022:01:04:21 +0000] "POST /user/refreshToken HTTP/1.1" 400 21
::ffff:127.0.0.1 - - [31/Oct/2022:01:04:39 +0000] "POST /user/refreshToken HTTP/1.1" 400 21
::ffff:127.0.0.1 - - [31/Oct/2022:01:05:52 +0000] "POST /user/login HTTP/1.1" 200 340
::ffff:127.0.0.1 - - [31/Oct/2022:01:06:06 +0000] "GET /car HTTP/1.1" 200 25
::ffff:127.0.0.1 - - [31/Oct/2022:01:06:24 +0000] "POST /user/refreshToken HTTP/1.1" 400 21
::ffff:127.0.0.1 - - [31/Oct/2022:01:06:44 +0000] "POST /user/refreshToken HTTP/1.1" 400 21
::ffff:127.0.0.1 - - [31/Oct/2022:01:08:17 +0000] "POST /user/refreshToken HTTP/1.1" 400 21
::ffff:127.0.0.1 - - [31/Oct/2022:01:09:10 +0000] "POST /user/login HTTP/1.1" 200 340
::ffff:127.0.0.1 - - [31/Oct/2022:01:09:19 +0000] "GET /car HTTP/1.1" 200 25
::ffff:127.0.0.1 - - [31/Oct/2022:01:09:21 +0000] "POST /user/refreshToken HTTP/1.1" 400 21
::ffff:127.0.0.1 - - [31/Oct/2022:01:09:37 +0000] "POST /user/refreshToken HTTP/1.1" 400 21
::ffff:127.0.0.1 - - [31/Oct/2022:01:10:49 +0000] "POST /user/refreshToken HTTP/1.1" 200 340
::ffff:127.0.0.1 - - [31/Oct/2022:01:12:21 +0000] "DELETE /user/logout HTTP/1.1" 204 -
::ffff:127.0.0.1 - - [31/Oct/2022:01:12:27 +0000] "DELETE /user/logout HTTP/1.1" 204 -
::ffff:127.0.0.1 - - [31/Oct/2022:01:12:43 +0000] "POST /user/refreshToken HTTP/1.1" 200 340
::ffff:127.0.0.1 - - [31/Oct/2022:01:12:50 +0000] "POST /user/refreshToken HTTP/1.1" 400 21
::ffff:127.0.0.1 - - [31/Oct/2022:01:12:54 +0000] "POST /user/refreshToken HTTP/1.1" 400 21
::ffff:127.0.0.1 - - [31/Oct/2022:01:13:12 +0000] "DELETE /user/logout HTTP/1.1" 204 -
::ffff:127.0.0.1 - - [31/Oct/2022:01:13:14 +0000] "DELETE /user/logout HTTP/1.1" 204 -
::ffff:127.0.0.1 - - [31/Oct/2022:01:14:55 +0000] "POST /user/login HTTP/1.1" 200 340
::ffff:127.0.0.1 - - [31/Oct/2022:01:15:12 +0000] "GET /car HTTP/1.1" 403 13
::ffff:127.0.0.1 - - [31/Oct/2022:01:15:33 +0000] "GET /car HTTP/1.1" 200 25
::ffff:127.0.0.1 - - [31/Oct/2022:01:15:35 +0000] "GET /car HTTP/1.1" 200 25
::ffff:127.0.0.1 - - [31/Oct/2022:01:16:09 +0000] "GET /car HTTP/1.1" 200 25
::ffff:127.0.0.1 - - [31/Oct/2022:01:16:10 +0000] "GET /car HTTP/1.1" 200 25
::ffff:127.0.0.1 - - [31/Oct/2022:01:16:28 +0000] "GET /car HTTP/1.1" 200 25
::ffff:127.0.0.1 - - [31/Oct/2022:01:16:36 +0000] "GET /car HTTP/1.1" 200 25
::ffff:127.0.0.1 - - [31/Oct/2022:01:16:42 +0000] "GET /car HTTP/1.1" 200 25
::ffff:127.0.0.1 - - [31/Oct/2022:01:16:51 +0000] "GET /car HTTP/1.1" 200 25
::ffff:127.0.0.1 - - [31/Oct/2022:01:16:53 +0000] "GET /car HTTP/1.1" 200 25
::ffff:127.0.0.1 - - [31/Oct/2022:01:17:04 +0000] "GET /car HTTP/1.1" 403 13
::ffff:127.0.0.1 - - [31/Oct/2022:01:17:09 +0000] "POST /user/refreshToken HTTP/1.1" 200 340
::ffff:127.0.0.1 - - [31/Oct/2022:01:17:18 +0000] "GET /car HTTP/1.1" 200 25
::ffff:127.0.0.1 - - [31/Oct/2022:01:17:20 +0000] "GET /car HTTP/1.1" 200 25
::ffff:127.0.0.1 - - [31/Oct/2022:01:17:54 +0000] "DELETE /user/logout HTTP/1.1" 204 -
::ffff:127.0.0.1 - - [31/Oct/2022:01:17:58 +0000] "GET /car HTTP/1.1" 200 25
::ffff:127.0.0.1 - - [31/Oct/2022:01:17:59 +0000] "GET /car HTTP/1.1" 200 25
::ffff:127.0.0.1 - - [31/Oct/2022:01:18:13 +0000] "GET /car HTTP/1.1" 200 25
::ffff:127.0.0.1 - - [31/Oct/2022:01:18:15 +0000] "GET /car HTTP/1.1" 200 25
::ffff:127.0.0.1 - - [31/Oct/2022:01:18:17 +0000] "GET /car HTTP/1.1" 200 25
::ffff:127.0.0.1 - - [31/Oct/2022:01:18:23 +0000] "GET /car HTTP/1.1" 200 25
::ffff:127.0.0.1 - - [31/Oct/2022:01:18:29 +0000] "GET /car HTTP/1.1" 200 25
::ffff:127.0.0.1 - - [31/Oct/2022:01:18:37 +0000] "GET /car HTTP/1.1" 200 25
::ffff:127.0.0.1 - - [31/Oct/2022:01:18:43 +0000] "GET /car HTTP/1.1" 200 25
::ffff:127.0.0.1 - - [31/Oct/2022:01:18:53 +0000] "GET /car HTTP/1.1" 200 25
::ffff:127.0.0.1 - - [31/Oct/2022:01:19:03 +0000] "GET /car HTTP/1.1" 200 25
::ffff:127.0.0.1 - - [31/Oct/2022:01:19:10 +0000] "GET /car HTTP/1.1" 403 13
::ffff:127.0.0.1 - - [31/Oct/2022:01:19:14 +0000] "POST /user/refreshToken HTTP/1.1" 400 21
